This is pdfTeX, Version 3.14159265-2.6-1.40.15 (TeX Live 2015/dev/Debian) (preloaded format=pdflatex 2017.3.27)  2 FEB 2018 16:28
entering extended mode
 restricted \write18 enabled.
 %&-line parsing enabled.
**main.tex
(./main.tex
LaTeX2e <2014/05/01>
Babel <3.9l> and hyphenation patterns for 2 languages loaded.
(/usr/share/texlive/texmf-dist/tex/latex/base/report.cls
Document Class: report 2014/09/29 v1.4h Standard LaTeX document class
(/usr/share/texlive/texmf-dist/tex/latex/base/size12.clo
File: size12.clo 2014/09/29 v1.4h Standard LaTeX file (size option)
)
\c@part=\count79
\c@chapter=\count80
\c@section=\count81
\c@subsection=\count82
\c@subsubsection=\count83
\c@paragraph=\count84
\c@subparagraph=\count85
\c@figure=\count86
\c@table=\count87
\abovecaptionskip=\skip41
\belowcaptionskip=\skip42
\bibindent=\dimen102
)
(/usr/share/texlive/texmf-dist/tex/latex/geometry/geometry.sty
Package: geometry 2010/09/12 v5.6 Page Geometry

(/usr/share/texlive/texmf-dist/tex/latex/graphics/keyval.sty
Package: keyval 2014/05/08 v1.15 key=value parser (DPC)
\KV@toks@=\toks14
)
(/usr/share/texlive/texmf-dist/tex/generic/oberdiek/ifpdf.sty
Package: ifpdf 2011/01/30 v2.3 Provides the ifpdf switch (HO)
Package ifpdf Info: pdfTeX in PDF mode is detected.
)
(/usr/share/texlive/texmf-dist/tex/generic/oberdiek/ifvtex.sty
Package: ifvtex 2010/03/01 v1.5 Detect VTeX and its facilities (HO)
Package ifvtex Info: VTeX not detected.
)
(/usr/share/texlive/texmf-dist/tex/generic/ifxetex/ifxetex.sty
Package: ifxetex 2010/09/12 v0.6 Provides ifxetex conditional
)
\Gm@cnth=\count88
\Gm@cntv=\count89
\c@Gm@tempcnt=\count90
\Gm@bindingoffset=\dimen103
\Gm@wd@mp=\dimen104
\Gm@odd@mp=\dimen105
\Gm@even@mp=\dimen106
\Gm@layoutwidth=\dimen107
\Gm@layoutheight=\dimen108
\Gm@layouthoffset=\dimen109
\Gm@layoutvoffset=\dimen110
\Gm@dimlist=\toks15
)
(/usr/share/texlive/texmf-dist/tex/latex/fancyhdr/fancyhdr.sty
\fancy@headwidth=\skip43
\f@ncyO@elh=\skip44
\f@ncyO@erh=\skip45
\f@ncyO@olh=\skip46
\f@ncyO@orh=\skip47
\f@ncyO@elf=\skip48
\f@ncyO@erf=\skip49
\f@ncyO@olf=\skip50
\f@ncyO@orf=\skip51
)
(/usr/share/texlive/texmf-dist/tex/latex/base/inputenc.sty
Package: inputenc 2014/04/30 v1.2b Input encoding file
\inpenc@prehook=\toks16
\inpenc@posthook=\toks17

(/usr/share/texlive/texmf-dist/tex/latex/base/utf8.def
File: utf8.def 2014/09/29 v1.1m UTF-8 support for inputenc
Now handling font encoding OML ...
... no UTF-8 mapping file for font encoding OML
Now handling font encoding T1 ...
... processing UTF-8 mapping file for font encoding T1

(/usr/share/texlive/texmf-dist/tex/latex/base/t1enc.dfu
File: t1enc.dfu 2014/09/29 v1.1m UTF-8 support for inputenc
   defining Unicode char U+00A1 (decimal 161)
   defining Unicode char U+00A3 (decimal 163)
   defining Unicode char U+00AB (decimal 171)
   defining Unicode char U+00BB (decimal 187)
   defining Unicode char U+00BF (decimal 191)
   defining Unicode char U+00C0 (decimal 192)
   defining Unicode char U+00C1 (decimal 193)
   defining Unicode char U+00C2 (decimal 194)
   defining Unicode char U+00C3 (decimal 195)
   defining Unicode char U+00C4 (decimal 196)
   defining Unicode char U+00C5 (decimal 197)
   defining Unicode char U+00C6 (decimal 198)
   defining Unicode char U+00C7 (decimal 199)
   defining Unicode char U+00C8 (decimal 200)
   defining Unicode char U+00C9 (decimal 201)
   defining Unicode char U+00CA (decimal 202)
   defining Unicode char U+00CB (decimal 203)
   defining Unicode char U+00CC (decimal 204)
   defining Unicode char U+00CD (decimal 205)
   defining Unicode char U+00CE (decimal 206)
   defining Unicode char U+00CF (decimal 207)
   defining Unicode char U+00D0 (decimal 208)
   defining Unicode char U+00D1 (decimal 209)
   defining Unicode char U+00D2 (decimal 210)
   defining Unicode char U+00D3 (decimal 211)
   defining Unicode char U+00D4 (decimal 212)
   defining Unicode char U+00D5 (decimal 213)
   defining Unicode char U+00D6 (decimal 214)
   defining Unicode char U+00D8 (decimal 216)
   defining Unicode char U+00D9 (decimal 217)
   defining Unicode char U+00DA (decimal 218)
   defining Unicode char U+00DB (decimal 219)
   defining Unicode char U+00DC (decimal 220)
   defining Unicode char U+00DD (decimal 221)
   defining Unicode char U+00DE (decimal 222)
   defining Unicode char U+00DF (decimal 223)
   defining Unicode char U+00E0 (decimal 224)
   defining Unicode char U+00E1 (decimal 225)
   defining Unicode char U+00E2 (decimal 226)
   defining Unicode char U+00E3 (decimal 227)
   defining Unicode char U+00E4 (decimal 228)
   defining Unicode char U+00E5 (decimal 229)
   defining Unicode char U+00E6 (decimal 230)
   defining Unicode char U+00E7 (decimal 231)
   defining Unicode char U+00E8 (decimal 232)
   defining Unicode char U+00E9 (decimal 233)
   defining Unicode char U+00EA (decimal 234)
   defining Unicode char U+00EB (decimal 235)
   defining Unicode char U+00EC (decimal 236)
   defining Unicode char U+00ED (decimal 237)
   defining Unicode char U+00EE (decimal 238)
   defining Unicode char U+00EF (decimal 239)
   defining Unicode char U+00F0 (decimal 240)
   defining Unicode char U+00F1 (decimal 241)
   defining Unicode char U+00F2 (decimal 242)
   defining Unicode char U+00F3 (decimal 243)
   defining Unicode char U+00F4 (decimal 244)
   defining Unicode char U+00F5 (decimal 245)
   defining Unicode char U+00F6 (decimal 246)
   defining Unicode char U+00F8 (decimal 248)
   defining Unicode char U+00F9 (decimal 249)
   defining Unicode char U+00FA (decimal 250)
   defining Unicode char U+00FB (decimal 251)
   defining Unicode char U+00FC (decimal 252)
   defining Unicode char U+00FD (decimal 253)
   defining Unicode char U+00FE (decimal 254)
   defining Unicode char U+00FF (decimal 255)
   defining Unicode char U+0102 (decimal 258)
   defining Unicode char U+0103 (decimal 259)
   defining Unicode char U+0104 (decimal 260)
   defining Unicode char U+0105 (decimal 261)
   defining Unicode char U+0106 (decimal 262)
   defining Unicode char U+0107 (decimal 263)
   defining Unicode char U+010C (decimal 268)
   defining Unicode char U+010D (decimal 269)
   defining Unicode char U+010E (decimal 270)
   defining Unicode char U+010F (decimal 271)
   defining Unicode char U+0110 (decimal 272)
   defining Unicode char U+0111 (decimal 273)
   defining Unicode char U+0118 (decimal 280)
   defining Unicode char U+0119 (decimal 281)
   defining Unicode char U+011A (decimal 282)
   defining Unicode char U+011B (decimal 283)
   defining Unicode char U+011E (decimal 286)
   defining Unicode char U+011F (decimal 287)
   defining Unicode char U+0130 (decimal 304)
   defining Unicode char U+0131 (decimal 305)
   defining Unicode char U+0132 (decimal 306)
   defining Unicode char U+0133 (decimal 307)
   defining Unicode char U+0139 (decimal 313)
   defining Unicode char U+013A (decimal 314)
   defining Unicode char U+013D (decimal 317)
   defining Unicode char U+013E (decimal 318)
   defining Unicode char U+0141 (decimal 321)
   defining Unicode char U+0142 (decimal 322)
   defining Unicode char U+0143 (decimal 323)
   defining Unicode char U+0144 (decimal 324)
   defining Unicode char U+0147 (decimal 327)
   defining Unicode char U+0148 (decimal 328)
   defining Unicode char U+014A (decimal 330)
   defining Unicode char U+014B (decimal 331)
   defining Unicode char U+0150 (decimal 336)
   defining Unicode char U+0151 (decimal 337)
   defining Unicode char U+0152 (decimal 338)
   defining Unicode char U+0153 (decimal 339)
   defining Unicode char U+0154 (decimal 340)
   defining Unicode char U+0155 (decimal 341)
   defining Unicode char U+0158 (decimal 344)
   defining Unicode char U+0159 (decimal 345)
   defining Unicode char U+015A (decimal 346)
   defining Unicode char U+015B (decimal 347)
   defining Unicode char U+015E (decimal 350)
   defining Unicode char U+015F (decimal 351)
   defining Unicode char U+0160 (decimal 352)
   defining Unicode char U+0161 (decimal 353)
   defining Unicode char U+0162 (decimal 354)
   defining Unicode char U+0163 (decimal 355)
   defining Unicode char U+0164 (decimal 356)
   defining Unicode char U+0165 (decimal 357)
   defining Unicode char U+016E (decimal 366)
   defining Unicode char U+016F (decimal 367)
   defining Unicode char U+0170 (decimal 368)
   defining Unicode char U+0171 (decimal 369)
   defining Unicode char U+0178 (decimal 376)
   defining Unicode char U+0179 (decimal 377)
   defining Unicode char U+017A (decimal 378)
   defining Unicode char U+017B (decimal 379)
   defining Unicode char U+017C (decimal 380)
   defining Unicode char U+017D (decimal 381)
   defining Unicode char U+017E (decimal 382)
   defining Unicode char U+200C (decimal 8204)
   defining Unicode char U+2013 (decimal 8211)
   defining Unicode char U+2014 (decimal 8212)
   defining Unicode char U+2018 (decimal 8216)
   defining Unicode char U+2019 (decimal 8217)
   defining Unicode char U+201A (decimal 8218)
   defining Unicode char U+201C (decimal 8220)
   defining Unicode char U+201D (decimal 8221)
   defining Unicode char U+201E (decimal 8222)
   defining Unicode char U+2030 (decimal 8240)
   defining Unicode char U+2031 (decimal 8241)
   defining Unicode char U+2039 (decimal 8249)
   defining Unicode char U+203A (decimal 8250)
   defining Unicode char U+2423 (decimal 9251)
)
Now handling font encoding OT1 ...
... processing UTF-8 mapping file for font encoding OT1

(/usr/share/texlive/texmf-dist/tex/latex/base/ot1enc.dfu
File: ot1enc.dfu 2014/09/29 v1.1m UTF-8 support for inputenc
   defining Unicode char U+00A1 (decimal 161)
   defining Unicode char U+00A3 (decimal 163)
   defining Unicode char U+00B8 (decimal 184)
   defining Unicode char U+00BF (decimal 191)
   defining Unicode char U+00C5 (decimal 197)
   defining Unicode char U+00C6 (decimal 198)
   defining Unicode char U+00D8 (decimal 216)
   defining Unicode char U+00DF (decimal 223)
   defining Unicode char U+00E6 (decimal 230)
   defining Unicode char U+00EC (decimal 236)
   defining Unicode char U+00ED (decimal 237)
   defining Unicode char U+00EE (decimal 238)
   defining Unicode char U+00EF (decimal 239)
   defining Unicode char U+00F8 (decimal 248)
   defining Unicode char U+0131 (decimal 305)
   defining Unicode char U+0141 (decimal 321)
   defining Unicode char U+0142 (decimal 322)
   defining Unicode char U+0152 (decimal 338)
   defining Unicode char U+0153 (decimal 339)
   defining Unicode char U+2013 (decimal 8211)
   defining Unicode char U+2014 (decimal 8212)
   defining Unicode char U+2018 (decimal 8216)
   defining Unicode char U+2019 (decimal 8217)
   defining Unicode char U+201C (decimal 8220)
   defining Unicode char U+201D (decimal 8221)
)
Now handling font encoding OMS ...
... processing UTF-8 mapping file for font encoding OMS

(/usr/share/texlive/texmf-dist/tex/latex/base/omsenc.dfu
File: omsenc.dfu 2014/09/29 v1.1m UTF-8 support for inputenc
   defining Unicode char U+00A7 (decimal 167)
   defining Unicode char U+00B6 (decimal 182)
   defining Unicode char U+00B7 (decimal 183)
   defining Unicode char U+2020 (decimal 8224)
   defining Unicode char U+2021 (decimal 8225)
   defining Unicode char U+2022 (decimal 8226)
)
Now handling font encoding OMX ...
... no UTF-8 mapping file for font encoding OMX
Now handling font encoding U ...
... no UTF-8 mapping file for font encoding U
   defining Unicode char U+00A9 (decimal 169)
   defining Unicode char U+00AA (decimal 170)
   defining Unicode char U+00AE (decimal 174)
   defining Unicode char U+00BA (decimal 186)
   defining Unicode char U+02C6 (decimal 710)
   defining Unicode char U+02DC (decimal 732)
   defining Unicode char U+200C (decimal 8204)
   defining Unicode char U+2026 (decimal 8230)
   defining Unicode char U+2122 (decimal 8482)
   defining Unicode char U+2423 (decimal 9251)
))
(/usr/share/texlive/texmf-dist/tex/latex/float/float.sty
Package: float 2001/11/08 v1.3d Float enhancements (AL)
\c@float@type=\count91
\float@exts=\toks18
\float@box=\box26
\@float@everytoks=\toks19
\@floatcapt=\box27
)
(/usr/share/texlive/texmf-dist/tex/latex/graphics/graphicx.sty
Package: graphicx 2014/04/25 v1.0g Enhanced LaTeX Graphics (DPC,SPQR)

(/usr/share/texlive/texmf-dist/tex/latex/graphics/graphics.sty
Package: graphics 2009/02/05 v1.0o Standard LaTeX Graphics (DPC,SPQR)

(/usr/share/texlive/texmf-dist/tex/latex/graphics/trig.sty
Package: trig 1999/03/16 v1.09 sin cos tan (DPC)
)
(/usr/share/texlive/texmf-dist/tex/latex/latexconfig/graphics.cfg
File: graphics.cfg 2010/04/23 v1.9 graphics configuration of TeX Live
)
Package graphics Info: Driver file: pdftex.def on input line 91.

(/usr/share/texlive/texmf-dist/tex/latex/pdftex-def/pdftex.def
File: pdftex.def 2011/05/27 v0.06d Graphics/color for pdfTeX

(/usr/share/texlive/texmf-dist/tex/generic/oberdiek/infwarerr.sty
Package: infwarerr 2010/04/08 v1.3 Providing info/warning/error messages (HO)
)
(/usr/share/texlive/texmf-dist/tex/generic/oberdiek/ltxcmds.sty
Package: ltxcmds 2011/11/09 v1.22 LaTeX kernel commands for general use (HO)
)
\Gread@gobject=\count92
))
\Gin@req@height=\dimen111
\Gin@req@width=\dimen112
)
(/usr/share/texlive/texmf-dist/tex/latex/pdfpages/pdfpages.sty
Package: pdfpages 2013/08/25 v0.4v Insert pages of external PDF documents (AM)

(/usr/share/texlive/texmf-dist/tex/latex/base/ifthen.sty
Package: ifthen 2014/09/29 v1.1c Standard LaTeX ifthen package (DPC)
)
(/usr/share/texlive/texmf-dist/tex/latex/tools/calc.sty
Package: calc 2014/10/28 v4.3 Infix arithmetic (KKT,FJ)
\calc@Acount=\count93
\calc@Bcount=\count94
\calc@Adimen=\dimen113
\calc@Bdimen=\dimen114
\calc@Askip=\skip52
\calc@Bskip=\skip53
LaTeX Info: Redefining \setlength on input line 75.
LaTeX Info: Redefining \addtolength on input line 76.
\calc@Ccount=\count95
\calc@Cskip=\skip54
)
(/usr/share/texlive/texmf-dist/tex/latex/eso-pic/eso-pic.sty
Package: eso-pic 2013/10/06 v2.0d eso-pic (RN)

(/usr/share/texlive/texmf-dist/tex/generic/oberdiek/atbegshi.sty
Package: atbegshi 2011/10/05 v1.16 At begin shipout hook (HO)
)
(/usr/share/texlive/texmf-dist/tex/latex/xcolor/xcolor.sty
Package: xcolor 2007/01/21 v2.11 LaTeX color extensions (UK)

(/usr/share/texlive/texmf-dist/tex/latex/latexconfig/color.cfg
File: color.cfg 2007/01/18 v1.5 color configuration of teTeX/TeXLive
)
Package xcolor Info: Driver file: pdftex.def on input line 225.
Package xcolor Info: Model `cmy' substituted by `cmy0' on input line 1337.
Package xcolor Info: Model `hsb' substituted by `rgb' on input line 1341.
Package xcolor Info: Model `RGB' extended on input line 1353.
Package xcolor Info: Model `HTML' substituted by `rgb' on input line 1355.
Package xcolor Info: Model `Hsb' substituted by `hsb' on input line 1356.
Package xcolor Info: Model `tHsb' substituted by `hsb' on input line 1357.
Package xcolor Info: Model `HSB' substituted by `hsb' on input line 1358.
Package xcolor Info: Model `Gray' substituted by `gray' on input line 1359.
Package xcolor Info: Model `wave' substituted by `hsb' on input line 1360.
))
(/usr/share/texlive/texmf-dist/tex/latex/pdfpages/pppdftex.def
File: pppdftex.def 2013/08/25 v0.4v Pdfpages driver for pdfTeX (AM)
)
\AM@pagebox=\box28
\AM@toc@title=\toks20
\c@AM@survey=\count96
\AM@templatesizebox=\box29
)
(/usr/share/texlive/texmf-dist/tex/latex/overpic/overpic.sty
Package: overpic 2010/09/13 v0.53  Overwriting graphics

Package: overpic v0.53 <2010/09/13> (RN)
(/usr/share/texlive/texmf-dist/tex/latex/eepic/epic.sty
Enhancements to Picture Environment. Version 1.2 - Released June 1, 1986
\@@multicnt=\count97
\d@lta=\count98
\@delta=\dimen115
\@@delta=\dimen116
\@gridcnt=\count99
\@joinkind=\count100
\@dotgap=\dimen117
\@ddotgap=\dimen118
\@x@diff=\count101
\@y@diff=\count102
\x@diff=\dimen119
\y@diff=\dimen120
\@dotbox=\box30
\num@segments=\count103
\num@segmentsi=\count104
\@datafile=\read1
)
overpic: relative positioning in percent
) (/usr/share/texlive/texmf-dist/tex/latex/hyperref/hyperref.sty
Package: hyperref 2012/11/06 v6.83m Hypertext links for LaTeX

(/usr/share/texlive/texmf-dist/tex/generic/oberdiek/hobsub-hyperref.sty
Package: hobsub-hyperref 2012/05/28 v1.13 Bundle oberdiek, subset hyperref (HO)


(/usr/share/texlive/texmf-dist/tex/generic/oberdiek/hobsub-generic.sty
Package: hobsub-generic 2012/05/28 v1.13 Bundle oberdiek, subset generic (HO)
Package: hobsub 2012/05/28 v1.13 Construct package bundles (HO)
Package hobsub Info: Skipping package `infwarerr' (already loaded).
Package hobsub Info: Skipping package `ltxcmds' (already loaded).
Package: ifluatex 2010/03/01 v1.3 Provides the ifluatex switch (HO)
Package ifluatex Info: LuaTeX not detected.
Package hobsub Info: Skipping package `ifvtex' (already loaded).
Package: intcalc 2007/09/27 v1.1 Expandable calculations with integers (HO)
Package hobsub Info: Skipping package `ifpdf' (already loaded).
Package: etexcmds 2011/02/16 v1.5 Avoid name clashes with e-TeX commands (HO)
Package etexcmds Info: Could not find \expanded.
(etexcmds)             That can mean that you are not using pdfTeX 1.50 or
(etexcmds)             that some package has redefined \expanded.
(etexcmds)             In the latter case, load this package earlier.
Package: kvsetkeys 2012/04/25 v1.16 Key value parser (HO)
Package: kvdefinekeys 2011/04/07 v1.3 Define keys (HO)
Package: pdftexcmds 2011/11/29 v0.20 Utility functions of pdfTeX for LuaTeX (HO
)
Package pdftexcmds Info: LuaTeX not detected.
Package pdftexcmds Info: \pdf@primitive is available.
Package pdftexcmds Info: \pdf@ifprimitive is available.
Package pdftexcmds Info: \pdfdraftmode found.
Package: pdfescape 2011/11/25 v1.13 Implements pdfTeX's escape features (HO)
Package: bigintcalc 2012/04/08 v1.3 Expandable calculations on big integers (HO
)
Package: bitset 2011/01/30 v1.1 Handle bit-vector datatype (HO)
Package: uniquecounter 2011/01/30 v1.2 Provide unlimited unique counter (HO)
)
Package hobsub Info: Skipping package `hobsub' (already loaded).
Package: letltxmacro 2010/09/02 v1.4 Let assignment for LaTeX macros (HO)
Package: hopatch 2012/05/28 v1.2 Wrapper for package hooks (HO)
Package: xcolor-patch 2011/01/30 xcolor patch
Package: atveryend 2011/06/30 v1.8 Hooks at the very end of document (HO)
Package atveryend Info: \enddocument detected (standard20110627).
Package hobsub Info: Skipping package `atbegshi' (already loaded).
Package: refcount 2011/10/16 v3.4 Data extraction from label references (HO)
Package: hycolor 2011/01/30 v1.7 Color options for hyperref/bookmark (HO)
)
(/usr/share/texlive/texmf-dist/tex/latex/oberdiek/auxhook.sty
Package: auxhook 2011/03/04 v1.3 Hooks for auxiliary files (HO)
)
(/usr/share/texlive/texmf-dist/tex/latex/oberdiek/kvoptions.sty
Package: kvoptions 2011/06/30 v3.11 Key value format for package options (HO)
)
\@linkdim=\dimen121
\Hy@linkcounter=\count105
\Hy@pagecounter=\count106

(/usr/share/texlive/texmf-dist/tex/latex/hyperref/pd1enc.def
File: pd1enc.def 2012/11/06 v6.83m Hyperref: PDFDocEncoding definition (HO)
Now handling font encoding PD1 ...
... no UTF-8 mapping file for font encoding PD1
)
\Hy@SavedSpaceFactor=\count107

(/usr/share/texlive/texmf-dist/tex/latex/latexconfig/hyperref.cfg
File: hyperref.cfg 2002/06/06 v1.2 hyperref configuration of TeXLive
)
Package hyperref Info: Hyper figures OFF on input line 4443.
Package hyperref Info: Link nesting OFF on input line 4448.
Package hyperref Info: Hyper index ON on input line 4451.
Package hyperref Info: Plain pages OFF on input line 4458.
Package hyperref Info: Backreferencing OFF on input line 4463.
Package hyperref Info: Implicit mode ON; LaTeX internals redefined.
Package hyperref Info: Bookmarks ON on input line 4688.
\c@Hy@tempcnt=\count108

(/usr/share/texlive/texmf-dist/tex/latex/url/url.sty
\Urlmuskip=\muskip10
Package: url 2013/09/16  ver 3.4  Verb mode for urls, etc.
)
LaTeX Info: Redefining \url on input line 5041.
\XeTeXLinkMargin=\dimen122
\Fld@menulength=\count109
\Field@Width=\dimen123
\Fld@charsize=\dimen124
Package hyperref Info: Hyper figures OFF on input line 6295.
Package hyperref Info: Link nesting OFF on input line 6300.
Package hyperref Info: Hyper index ON on input line 6303.
Package hyperref Info: backreferencing OFF on input line 6310.
Package hyperref Info: Link coloring OFF on input line 6315.
Package hyperref Info: Link coloring with OCG OFF on input line 6320.
Package hyperref Info: PDF/A mode OFF on input line 6325.
LaTeX Info: Redefining \ref on input line 6365.
LaTeX Info: Redefining \pageref on input line 6369.
\Hy@abspage=\count110
\c@Item=\count111
\c@Hfootnote=\count112
)

Package hyperref Message: Driver (autodetected): hpdftex.

(/usr/share/texlive/texmf-dist/tex/latex/hyperref/hpdftex.def
File: hpdftex.def 2012/11/06 v6.83m Hyperref driver for pdfTeX
\Fld@listcount=\count113
\c@bookmark@seq@number=\count114

(/usr/share/texlive/texmf-dist/tex/latex/oberdiek/rerunfilecheck.sty
Package: rerunfilecheck 2011/04/15 v1.7 Rerun checks for auxiliary files (HO)
Package uniquecounter Info: New unique counter `rerunfilecheck' on input line 2
82.
)
\Hy@SectionHShift=\skip55
)
Package hyperref Info: Option `colorlinks' set `true' on input line 15.

(./main.aux

LaTeX Warning: Label `fig:parlato_uepenth' multiply defined.

)
\openout1 = `main.aux'.

LaTeX Font Info:    Checking defaults for OML/cmm/m/it on input line 34.
LaTeX Font Info:    ... okay on input line 34.
LaTeX Font Info:    Checking defaults for T1/cmr/m/n on input line 34.
LaTeX Font Info:    ... okay on input line 34.
LaTeX Font Info:    Checking defaults for OT1/cmr/m/n on input line 34.
LaTeX Font Info:    ... okay on input line 34.
LaTeX Font Info:    Checking defaults for OMS/cmsy/m/n on input line 34.
LaTeX Font Info:    ... okay on input line 34.
LaTeX Font Info:    Checking defaults for OMX/cmex/m/n on input line 34.
LaTeX Font Info:    ... okay on input line 34.
LaTeX Font Info:    Checking defaults for U/cmr/m/n on input line 34.
LaTeX Font Info:    ... okay on input line 34.
LaTeX Font Info:    Checking defaults for PD1/pdf/m/n on input line 34.
LaTeX Font Info:    ... okay on input line 34.

*geometry* driver: auto-detecting
*geometry* detected driver: pdftex
*geometry* verbose mode - [ preamble ] result:
* driver: pdftex
* paper: a4paper
* layout: <same size as paper>
* layoutoffset:(h,v)=(0.0pt,0.0pt)
* bindingoffset: 17.07164pt
* modes: twoside 
* h-part:(L,W,R)=(61.45795pt, 426.79134pt, 92.18695pt)
* v-part:(T,H,B)=(71.13188pt, 702.78308pt, 71.13188pt)
* \paperwidth=597.50787pt
* \paperheight=845.04684pt
* \textwidth=426.79134pt
* \textheight=702.78308pt
* \oddsidemargin=6.2596pt
* \evensidemargin=19.91696pt
* \topmargin=-38.1381pt
* \headheight=12.0pt
* \headsep=25.0pt
* \topskip=12.0pt
* \footskip=30.0pt
* \marginparwidth=95.0pt
* \marginparsep=10.0pt
* \columnsep=10.0pt
* \skip\footins=10.8pt plus 4.0pt minus 2.0pt
* \hoffset=0.0pt
* \voffset=0.0pt
* \mag=1000
* \@twocolumnfalse
* \@twosidetrue
* \@mparswitchtrue
* \@reversemarginfalse
* (1in=72.27pt=25.4mm, 1cm=28.453pt)

(/usr/share/texlive/texmf-dist/tex/context/base/supp-pdf.mkii
[Loading MPS to PDF converter (version 2006.09.02).]
\scratchcounter=\count115
\scratchdimen=\dimen125
\scratchbox=\box31
\nofMPsegments=\count116
\nofMParguments=\count117
\everyMPshowfont=\toks21
\MPscratchCnt=\count118
\MPscratchDim=\dimen126
\MPnumerator=\count119
\makeMPintoPDFobject=\count120
\everyMPtoPDFconversion=\toks22
) (/usr/share/texlive/texmf-dist/tex/latex/oberdiek/epstopdf-base.sty
Package: epstopdf-base 2010/02/09 v2.5 Base part for package epstopdf

(/usr/share/texlive/texmf-dist/tex/latex/oberdiek/grfext.sty
Package: grfext 2010/08/19 v1.1 Manage graphics extensions (HO)
)
Package grfext Info: Graphics extension search list:
(grfext)             [.png,.pdf,.jpg,.mps,.jpeg,.jbig2,.jb2,.PNG,.PDF,.JPG,.JPE
G,.JBIG2,.JB2,.eps]
(grfext)             \AppendGraphicsExtensions on input line 452.

(/usr/share/texlive/texmf-dist/tex/latex/latexconfig/epstopdf-sys.cfg
File: epstopdf-sys.cfg 2010/07/13 v1.3 Configuration of (r)epstopdf for TeX Liv
e
))
\AtBeginShipoutBox=\box32
Package hyperref Info: Link coloring ON on input line 34.

(/usr/share/texlive/texmf-dist/tex/latex/hyperref/nameref.sty
Package: nameref 2012/10/27 v2.43 Cross-referencing by name of section

(/usr/share/texlive/texmf-dist/tex/generic/oberdiek/gettitlestring.sty
Package: gettitlestring 2010/12/03 v1.4 Cleanup title references (HO)
)
\c@section@level=\count121
)
LaTeX Info: Redefining \ref on input line 34.
LaTeX Info: Redefining \pageref on input line 34.
LaTeX Info: Redefining \nameref on input line 34.

(./main.out) (./main.out)
\@outlinefile=\write3
\openout3 = `main.out'.

LaTeX Font Info:    External font `cmex10' loaded for size
(Font)              <14.4> on input line 36.
LaTeX Font Info:    External font `cmex10' loaded for size
(Font)              <7> on input line 36.
 [1

{/var/lib/texmf/fonts/map/pdftex/updmap/pdftex.map}] [2

] [3

] [4

] [5

] (./main.toc
LaTeX Font Info:    External font `cmex10' loaded for size
(Font)              <12> on input line 3.
LaTeX Font Info:    External font `cmex10' loaded for size
(Font)              <8> on input line 3.
LaTeX Font Info:    External font `cmex10' loaded for size
(Font)              <6> on input line 3.
)
\tf@toc=\write4
\openout4 = `main.toc'.

 [6

]
Chapter 1.
(./chapters/chapter01-intro.tex) [7

]
Chapter 2.
(./chapters/chapter02.tex
Underfull \hbox (badness 10000) in paragraph at lines 14--15

 []


Underfull \hbox (badness 10000) in paragraph at lines 18--19

 []


<images/chapter02/JASAEL_Guevara-Rukoz_2017_Which_epenthetic_vowel.pdf, id=165,
 614.295pt x 813.00938pt>
File: images/chapter02/JASAEL_Guevara-Rukoz_2017_Which_epenthetic_vowel.pdf Gra
phic file (type pdf)

<use images/chapter02/JASAEL_Guevara-Rukoz_2017_Which_epenthetic_vowel.pdf>
Package pdftex.def Info: images/chapter02/JASAEL_Guevara-Rukoz_2017_Which_epent
hetic_vowel.pdf used on input line 39.
(pdftex.def)             Requested size: 614.29349pt x 813.0074pt.
File: images/chapter02/JASAEL_Guevara-Rukoz_2017_Which_epenthetic_vowel.pdf Gra
phic file (type pdf)

<use images/chapter02/JASAEL_Guevara-Rukoz_2017_Which_epenthetic_vowel.pdf>
Package pdftex.def Info: images/chapter02/JASAEL_Guevara-Rukoz_2017_Which_epent
hetic_vowel.pdf used on input line 39.
(pdftex.def)             Requested size: 614.29349pt x 813.0074pt.

[8

]
<images/chapter02/JASAEL_Guevara-Rukoz_2017_Which_epenthetic_vowel.pdf, id=172,
 page=2, 614.295pt x 813.00938pt>
File: images/chapter02/JASAEL_Guevara-Rukoz_2017_Which_epenthetic_vowel.pdf Gra
phic file (type pdf)

<use images/chapter02/JASAEL_Guevara-Rukoz_2017_Which_epenthetic_vowel.pdf, pag
e 2>
Package pdftex.def Info: images/chapter02/JASAEL_Guevara-Rukoz_2017_Which_epent
hetic_vowel.pdf, page2 used on input line 39.
(pdftex.def)             Requested size: 614.29349pt x 813.0074pt.
File: images/chapter02/JASAEL_Guevara-Rukoz_2017_Which_epenthetic_vowel.pdf Gra
phic file (type pdf)

<use images/chapter02/JASAEL_Guevara-Rukoz_2017_Which_epenthetic_vowel.pdf, pag
e 2>
Package pdftex.def Info: images/chapter02/JASAEL_Guevara-Rukoz_2017_Which_epent
hetic_vowel.pdf, page2 used on input line 39.
(pdftex.def)             Requested size: 597.78697pt x 791.16129pt.
File: images/chapter02/JASAEL_Guevara-Rukoz_2017_Which_epenthetic_vowel.pdf Gra
phic file (type pdf)

<use images/chapter02/JASAEL_Guevara-Rukoz_2017_Which_epenthetic_vowel.pdf, pag
e 2>
Package pdftex.def Info: images/chapter02/JASAEL_Guevara-Rukoz_2017_Which_epent
hetic_vowel.pdf, page2 used on input line 39.
(pdftex.def)             Requested size: 597.78697pt x 791.16129pt.
File: images/chapter02/JASAEL_Guevara-Rukoz_2017_Which_epenthetic_vowel.pdf Gra
phic file (type pdf)

<use images/chapter02/JASAEL_Guevara-Rukoz_2017_Which_epenthetic_vowel.pdf, pag
e 2>
Package pdftex.def Info: images/chapter02/JASAEL_Guevara-Rukoz_2017_Which_epent
hetic_vowel.pdf, page2 used on input line 39.
(pdftex.def)             Requested size: 597.78697pt x 791.16129pt.


Package hyperref Warning: Token not allowed in a PDF string (PDFDocEncoding):
(hyperref)                removing `\\' on input line 39.


Package Fancyhdr Warning: \headheight is too small (12.0pt): 
 Make it at least 27.18335pt.
 We now make it that large for the rest of the document.
 This may cause the page layout to be inconsistent, however.

File: images/chapter02/JASAEL_Guevara-Rukoz_2017_Which_epenthetic_vowel.pdf Gra
phic file (type pdf)

<use images/chapter02/JASAEL_Guevara-Rukoz_2017_Which_epenthetic_vowel.pdf, pag
e 2>
Package pdftex.def Info: images/chapter02/JASAEL_Guevara-Rukoz_2017_Which_epent
hetic_vowel.pdf, page2 used on input line 39.
(pdftex.def)             Requested size: 597.78697pt x 791.16129pt.
 [9 <./images/chapter02/JASAEL_Guevara-Rukoz_2017_Which_epenthetic_vowel.pdf>]
<images/chapter02/JASAEL_Guevara-Rukoz_2017_Which_epenthetic_vowel.pdf, id=217,
 page=3, 614.295pt x 813.00938pt>
File: images/chapter02/JASAEL_Guevara-Rukoz_2017_Which_epenthetic_vowel.pdf Gra
phic file (type pdf)

<use images/chapter02/JASAEL_Guevara-Rukoz_2017_Which_epenthetic_vowel.pdf, pag
e 3>
Package pdftex.def Info: images/chapter02/JASAEL_Guevara-Rukoz_2017_Which_epent
hetic_vowel.pdf, page3 used on input line 39.
(pdftex.def)             Requested size: 597.78697pt x 791.16129pt.
File: images/chapter02/JASAEL_Guevara-Rukoz_2017_Which_epenthetic_vowel.pdf Gra
phic file (type pdf)

<use images/chapter02/JASAEL_Guevara-Rukoz_2017_Which_epenthetic_vowel.pdf, pag
e 3>
Package pdftex.def Info: images/chapter02/JASAEL_Guevara-Rukoz_2017_Which_epent
hetic_vowel.pdf, page3 used on input line 39.
(pdftex.def)             Requested size: 597.78697pt x 791.16129pt.


Package Fancyhdr Warning: \headheight is too small (12.0pt): 
 Make it at least 14.49998pt.
 We now make it that large for the rest of the document.
 This may cause the page layout to be inconsistent, however.

File: images/chapter02/JASAEL_Guevara-Rukoz_2017_Which_epenthetic_vowel.pdf Gra
phic file (type pdf)

<use images/chapter02/JASAEL_Guevara-Rukoz_2017_Which_epenthetic_vowel.pdf, pag
e 3>
Package pdftex.def Info: images/chapter02/JASAEL_Guevara-Rukoz_2017_Which_epent
hetic_vowel.pdf, page3 used on input line 39.
(pdftex.def)             Requested size: 597.78697pt x 791.16129pt.
 [10 <./images/chapter02/JASAEL_Guevara-Rukoz_2017_Which_epenthetic_vowel.pdf>]

<images/chapter02/JASAEL_Guevara-Rukoz_2017_Which_epenthetic_vowel.pdf, id=237,
 page=4, 614.295pt x 813.00938pt>
File: images/chapter02/JASAEL_Guevara-Rukoz_2017_Which_epenthetic_vowel.pdf Gra
phic file (type pdf)

<use images/chapter02/JASAEL_Guevara-Rukoz_2017_Which_epenthetic_vowel.pdf, pag
e 4>
Package pdftex.def Info: images/chapter02/JASAEL_Guevara-Rukoz_2017_Which_epent
hetic_vowel.pdf, page4 used on input line 39.
(pdftex.def)             Requested size: 597.78697pt x 791.16129pt.
File: images/chapter02/JASAEL_Guevara-Rukoz_2017_Which_epenthetic_vowel.pdf Gra
phic file (type pdf)

<use images/chapter02/JASAEL_Guevara-Rukoz_2017_Which_epenthetic_vowel.pdf, pag
e 4>
Package pdftex.def Info: images/chapter02/JASAEL_Guevara-Rukoz_2017_Which_epent
hetic_vowel.pdf, page4 used on input line 39.
(pdftex.def)             Requested size: 597.78697pt x 791.16129pt.


Package Fancyhdr Warning: \headheight is too small (12.0pt): 
 Make it at least 27.18335pt.
 We now make it that large for the rest of the document.
 This may cause the page layout to be inconsistent, however.

File: images/chapter02/JASAEL_Guevara-Rukoz_2017_Which_epenthetic_vowel.pdf Gra
phic file (type pdf)

<use images/chapter02/JASAEL_Guevara-Rukoz_2017_Which_epenthetic_vowel.pdf, pag
e 4>
Package pdftex.def Info: images/chapter02/JASAEL_Guevara-Rukoz_2017_Which_epent
hetic_vowel.pdf, page4 used on input line 39.
(pdftex.def)             Requested size: 597.78697pt x 791.16129pt.
 [11 <./images/chapter02/JASAEL_Guevara-Rukoz_2017_Which_epenthetic_vowel.pdf>]

<images/chapter02/JASAEL_Guevara-Rukoz_2017_Which_epenthetic_vowel.pdf, id=250,
 page=5, 614.295pt x 813.00938pt>
File: images/chapter02/JASAEL_Guevara-Rukoz_2017_Which_epenthetic_vowel.pdf Gra
phic file (type pdf)

<use images/chapter02/JASAEL_Guevara-Rukoz_2017_Which_epenthetic_vowel.pdf, pag
e 5>
Package pdftex.def Info: images/chapter02/JASAEL_Guevara-Rukoz_2017_Which_epent
hetic_vowel.pdf, page5 used on input line 39.
(pdftex.def)             Requested size: 597.78697pt x 791.16129pt.
File: images/chapter02/JASAEL_Guevara-Rukoz_2017_Which_epenthetic_vowel.pdf Gra
phic file (type pdf)

<use images/chapter02/JASAEL_Guevara-Rukoz_2017_Which_epenthetic_vowel.pdf, pag
e 5>
Package pdftex.def Info: images/chapter02/JASAEL_Guevara-Rukoz_2017_Which_epent
hetic_vowel.pdf, page5 used on input line 39.
(pdftex.def)             Requested size: 597.78697pt x 791.16129pt.


Package Fancyhdr Warning: \headheight is too small (12.0pt): 
 Make it at least 14.49998pt.
 We now make it that large for the rest of the document.
 This may cause the page layout to be inconsistent, however.

File: images/chapter02/JASAEL_Guevara-Rukoz_2017_Which_epenthetic_vowel.pdf Gra
phic file (type pdf)

<use images/chapter02/JASAEL_Guevara-Rukoz_2017_Which_epenthetic_vowel.pdf, pag
e 5>
Package pdftex.def Info: images/chapter02/JASAEL_Guevara-Rukoz_2017_Which_epent
hetic_vowel.pdf, page5 used on input line 39.
(pdftex.def)             Requested size: 597.78697pt x 791.16129pt.
 [12 <./images/chapter02/JASAEL_Guevara-Rukoz_2017_Which_epenthetic_vowel.pdf>]

<images/chapter02/JASAEL_Guevara-Rukoz_2017_Which_epenthetic_vowel.pdf, id=257,
 page=6, 614.295pt x 813.00938pt>
File: images/chapter02/JASAEL_Guevara-Rukoz_2017_Which_epenthetic_vowel.pdf Gra
phic file (type pdf)

<use images/chapter02/JASAEL_Guevara-Rukoz_2017_Which_epenthetic_vowel.pdf, pag
e 6>
Package pdftex.def Info: images/chapter02/JASAEL_Guevara-Rukoz_2017_Which_epent
hetic_vowel.pdf, page6 used on input line 39.
(pdftex.def)             Requested size: 597.78697pt x 791.16129pt.
File: images/chapter02/JASAEL_Guevara-Rukoz_2017_Which_epenthetic_vowel.pdf Gra
phic file (type pdf)

<use images/chapter02/JASAEL_Guevara-Rukoz_2017_Which_epenthetic_vowel.pdf, pag
e 6>
Package pdftex.def Info: images/chapter02/JASAEL_Guevara-Rukoz_2017_Which_epent
hetic_vowel.pdf, page6 used on input line 39.
(pdftex.def)             Requested size: 597.78697pt x 791.16129pt.


Package Fancyhdr Warning: \headheight is too small (12.0pt): 
 Make it at least 27.18335pt.
 We now make it that large for the rest of the document.
 This may cause the page layout to be inconsistent, however.

File: images/chapter02/JASAEL_Guevara-Rukoz_2017_Which_epenthetic_vowel.pdf Gra
phic file (type pdf)

<use images/chapter02/JASAEL_Guevara-Rukoz_2017_Which_epenthetic_vowel.pdf, pag
e 6>
Package pdftex.def Info: images/chapter02/JASAEL_Guevara-Rukoz_2017_Which_epent
hetic_vowel.pdf, page6 used on input line 39.
(pdftex.def)             Requested size: 597.78697pt x 791.16129pt.
 [13 <./images/chapter02/JASAEL_Guevara-Rukoz_2017_Which_epenthetic_vowel.pdf>]

<images/chapter02/JASAEL_Guevara-Rukoz_2017_Which_epenthetic_vowel.pdf, id=263,
 page=7, 614.295pt x 813.00938pt>
File: images/chapter02/JASAEL_Guevara-Rukoz_2017_Which_epenthetic_vowel.pdf Gra
phic file (type pdf)

<use images/chapter02/JASAEL_Guevara-Rukoz_2017_Which_epenthetic_vowel.pdf, pag
e 7>
Package pdftex.def Info: images/chapter02/JASAEL_Guevara-Rukoz_2017_Which_epent
hetic_vowel.pdf, page7 used on input line 39.
(pdftex.def)             Requested size: 597.78697pt x 791.16129pt.
File: images/chapter02/JASAEL_Guevara-Rukoz_2017_Which_epenthetic_vowel.pdf Gra
phic file (type pdf)

<use images/chapter02/JASAEL_Guevara-Rukoz_2017_Which_epenthetic_vowel.pdf, pag
e 7>
Package pdftex.def Info: images/chapter02/JASAEL_Guevara-Rukoz_2017_Which_epent
hetic_vowel.pdf, page7 used on input line 39.
(pdftex.def)             Requested size: 597.78697pt x 791.16129pt.


Package Fancyhdr Warning: \headheight is too small (12.0pt): 
 Make it at least 14.49998pt.
 We now make it that large for the rest of the document.
 This may cause the page layout to be inconsistent, however.

File: images/chapter02/JASAEL_Guevara-Rukoz_2017_Which_epenthetic_vowel.pdf Gra
phic file (type pdf)

<use images/chapter02/JASAEL_Guevara-Rukoz_2017_Which_epenthetic_vowel.pdf, pag
e 7>
Package pdftex.def Info: images/chapter02/JASAEL_Guevara-Rukoz_2017_Which_epent
hetic_vowel.pdf, page7 used on input line 39.
(pdftex.def)             Requested size: 597.78697pt x 791.16129pt.
 [14 <./images/chapter02/JASAEL_Guevara-Rukoz_2017_Which_epenthetic_vowel.pdf>]

<images/chapter02/JASAEL_Guevara-Rukoz_2017_Which_epenthetic_vowel.pdf, id=268,
 page=8, 614.295pt x 813.00938pt>
File: images/chapter02/JASAEL_Guevara-Rukoz_2017_Which_epenthetic_vowel.pdf Gra
phic file (type pdf)

<use images/chapter02/JASAEL_Guevara-Rukoz_2017_Which_epenthetic_vowel.pdf, pag
e 8>
Package pdftex.def Info: images/chapter02/JASAEL_Guevara-Rukoz_2017_Which_epent
hetic_vowel.pdf, page8 used on input line 39.
(pdftex.def)             Requested size: 597.78697pt x 791.16129pt.
File: images/chapter02/JASAEL_Guevara-Rukoz_2017_Which_epenthetic_vowel.pdf Gra
phic file (type pdf)

<use images/chapter02/JASAEL_Guevara-Rukoz_2017_Which_epenthetic_vowel.pdf, pag
e 8>
Package pdftex.def Info: images/chapter02/JASAEL_Guevara-Rukoz_2017_Which_epent
hetic_vowel.pdf, page8 used on input line 39.
(pdftex.def)             Requested size: 597.78697pt x 791.16129pt.


Package Fancyhdr Warning: \headheight is too small (12.0pt): 
 Make it at least 27.18335pt.
 We now make it that large for the rest of the document.
 This may cause the page layout to be inconsistent, however.

File: images/chapter02/JASAEL_Guevara-Rukoz_2017_Which_epenthetic_vowel.pdf Gra
phic file (type pdf)

<use images/chapter02/JASAEL_Guevara-Rukoz_2017_Which_epenthetic_vowel.pdf, pag
e 8>
Package pdftex.def Info: images/chapter02/JASAEL_Guevara-Rukoz_2017_Which_epent
hetic_vowel.pdf, page8 used on input line 39.
(pdftex.def)             Requested size: 597.78697pt x 791.16129pt.
 [15 <./images/chapter02/JASAEL_Guevara-Rukoz_2017_Which_epenthetic_vowel.pdf>]
 <images/chapter02/ahpa_acoustic.pdf, id=273, page=1, 505.89pt x 505.89pt>
File: images/chapter02/ahpa_acoustic.pdf Graphic file (type pdf)

<use images/chapter02/ahpa_acoustic.pdf, page 1>
Package pdftex.def Info: images/chapter02/ahpa_acoustic.pdf, page1 used on inpu
t line 47.
(pdftex.def)             Requested size: 341.43436pt x 341.43785pt.

<images/chapter02/ahpa_uep-copyep.pdf, id=274, page=1, 126.4725pt x 216.81pt>
File: images/chapter02/ahpa_uep-copyep.pdf Graphic file (type pdf)

<use images/chapter02/ahpa_uep-copyep.pdf, page 1>
Package pdftex.def Info: images/chapter02/ahpa_uep-copyep.pdf, page1 used on in
put line 55.
(pdftex.def)             Requested size: 85.35696pt x 146.3272pt.

<images/chapter02/ahpa_uep-copyep.pdf, id=275, page=2, 126.4725pt x 216.81pt>
File: images/chapter02/ahpa_uep-copyep.pdf Graphic file (type pdf)

<use images/chapter02/ahpa_uep-copyep.pdf, page 2>
Package pdftex.def Info: images/chapter02/ahpa_uep-copyep.pdf, page2 used on in
put line 57.
(pdftex.def)             Requested size: 85.35696pt x 146.3272pt.

<images/chapter02/ahpa_heath_spk.pdf, id=276, page=1, 289.08pt x 433.62pt>
File: images/chapter02/ahpa_heath_spk.pdf Graphic file (type pdf)

<use images/chapter02/ahpa_heath_spk.pdf, page 1>
Package pdftex.def Info: images/chapter02/ahpa_heath_spk.pdf, page1 used on inp
ut line 65.
(pdftex.def)             Requested size: 426.79134pt x 640.21915pt.

Underfull \vbox (badness 2608) has occurred while \output is active []



Package Fancyhdr Warning: \headheight is too small (12.0pt): 
 Make it at least 14.49998pt.
 We now make it that large for the rest of the document.
 This may cause the page layout to be inconsistent, however.

[16 <./images/chapter02/ahpa_acoustic.pdf> <./images/chapter02/ahpa_uep-copyep.
pdf> <./images/chapter02/ahpa_uep-copyep.pdf>]

Package Fancyhdr Warning: \headheight is too small (12.0pt): 
 Make it at least 27.18335pt.
 We now make it that large for the rest of the document.
 This may cause the page layout to be inconsistent, however.

[17 <./images/chapter02/ahpa_heath_spk.pdf>]
LaTeX Font Info:    Try loading font information for OMS+cmr on input line 74.

(/usr/share/texlive/texmf-dist/tex/latex/base/omscmr.fd
File: omscmr.fd 2014/09/29 v2.5h Standard LaTeX font definitions
)
LaTeX Font Info:    Font shape `OMS/cmr/m/n' in size <12> not available
(Font)              Font shape `OMS/cmsy/m/n' tried instead on input line 74.

<images/chapter02/ahpa_figs.pdf, id=313, page=6, 505.89pt x 289.08pt>
File: images/chapter02/ahpa_figs.pdf Graphic file (type pdf)

<use images/chapter02/ahpa_figs.pdf, page 6>
Package pdftex.def Info: images/chapter02/ahpa_figs.pdf, page6 used on input li
ne 82.
(pdftex.def)             Requested size: 384.10959pt x 219.49576pt.

Underfull \hbox (badness 10000) in paragraph at lines 87--88

 []


<images/chapter02/Interspeech2017_Predicting_epenthetic_vowel_quality_from_acou
stics_final.pdf, id=314, 597.45204pt x 845.1575pt>
File: images/chapter02/Interspeech2017_Predicting_epenthetic_vowel_quality_from
_acoustics_final.pdf Graphic file (type pdf)

<use images/chapter02/Interspeech2017_Predicting_epenthetic_vowel_quality_from_
acoustics_final.pdf>
Package pdftex.def Info: images/chapter02/Interspeech2017_Predicting_epenthetic
_vowel_quality_from_acoustics_final.pdf used on input line 106.
(pdftex.def)             Requested size: 597.45058pt x 845.15544pt.
File: images/chapter02/Interspeech2017_Predicting_epenthetic_vowel_quality_from
_acoustics_final.pdf Graphic file (type pdf)

<use images/chapter02/Interspeech2017_Predicting_epenthetic_vowel_quality_from_
acoustics_final.pdf>
Package pdftex.def Info: images/chapter02/Interspeech2017_Predicting_epenthetic
_vowel_quality_from_acoustics_final.pdf used on input line 106.
(pdftex.def)             Requested size: 597.45058pt x 845.15544pt.


Package Fancyhdr Warning: \headheight is too small (12.0pt): 
 Make it at least 14.49998pt.
 We now make it that large for the rest of the document.
 This may cause the page layout to be inconsistent, however.

[18 <./images/chapter02/ahpa_figs.pdf>]
<images/chapter02/Interspeech2017_Predicting_epenthetic_vowel_quality_from_acou
stics_final.pdf, id=337, page=1, 597.45204pt x 845.1575pt>
File: images/chapter02/Interspeech2017_Predicting_epenthetic_vowel_quality_from
_acoustics_final.pdf Graphic file (type pdf)

<use images/chapter02/Interspeech2017_Predicting_epenthetic_vowel_quality_from_
acoustics_final.pdf, page 1>
Package pdftex.def Info: images/chapter02/Interspeech2017_Predicting_epenthetic
_vowel_quality_from_acoustics_final.pdf, page1 used on input line 106.
(pdftex.def)             Requested size: 597.45058pt x 845.15544pt.
File: images/chapter02/Interspeech2017_Predicting_epenthetic_vowel_quality_from
_acoustics_final.pdf Graphic file (type pdf)

<use images/chapter02/Interspeech2017_Predicting_epenthetic_vowel_quality_from_
acoustics_final.pdf, page 1>
Package pdftex.def Info: images/chapter02/Interspeech2017_Predicting_epenthetic
_vowel_quality_from_acoustics_final.pdf, page1 used on input line 106.
(pdftex.def)             Requested size: 597.47792pt x 845.19412pt.
File: images/chapter02/Interspeech2017_Predicting_epenthetic_vowel_quality_from
_acoustics_final.pdf Graphic file (type pdf)

<use images/chapter02/Interspeech2017_Predicting_epenthetic_vowel_quality_from_
acoustics_final.pdf, page 1>
Package pdftex.def Info: images/chapter02/Interspeech2017_Predicting_epenthetic
_vowel_quality_from_acoustics_final.pdf, page1 used on input line 106.
(pdftex.def)             Requested size: 597.47792pt x 845.19412pt.
File: images/chapter02/Interspeech2017_Predicting_epenthetic_vowel_quality_from
_acoustics_final.pdf Graphic file (type pdf)

<use images/chapter02/Interspeech2017_Predicting_epenthetic_vowel_quality_from_
acoustics_final.pdf, page 1>
Package pdftex.def Info: images/chapter02/Interspeech2017_Predicting_epenthetic
_vowel_quality_from_acoustics_final.pdf, page1 used on input line 106.
(pdftex.def)             Requested size: 597.47792pt x 845.19412pt.


Package Fancyhdr Warning: \headheight is too small (12.0pt): 
 Make it at least 14.49998pt.
 We now make it that large for the rest of the document.
 This may cause the page layout to be inconsistent, however.

File: images/chapter02/Interspeech2017_Predicting_epenthetic_vowel_quality_from
_acoustics_final.pdf Graphic file (type pdf)

<use images/chapter02/Interspeech2017_Predicting_epenthetic_vowel_quality_from_
acoustics_final.pdf, page 1>
Package pdftex.def Info: images/chapter02/Interspeech2017_Predicting_epenthetic
_vowel_quality_from_acoustics_final.pdf, page1 used on input line 106.
(pdftex.def)             Requested size: 597.47792pt x 845.19412pt.
 [19 <./images/chapter02/Interspeech2017_Predicting_epenthetic_vowel_quality_fr
om_acoustics_final.pdf>]
<images/chapter02/Interspeech2017_Predicting_epenthetic_vowel_quality_from_acou
stics_final.pdf, id=419, page=2, 597.45204pt x 845.1575pt>
File: images/chapter02/Interspeech2017_Predicting_epenthetic_vowel_quality_from
_acoustics_final.pdf Graphic file (type pdf)

<use images/chapter02/Interspeech2017_Predicting_epenthetic_vowel_quality_from_
acoustics_final.pdf, page 2>
Package pdftex.def Info: images/chapter02/Interspeech2017_Predicting_epenthetic
_vowel_quality_from_acoustics_final.pdf, page2 used on input line 106.
(pdftex.def)             Requested size: 597.47792pt x 845.19412pt.
File: images/chapter02/Interspeech2017_Predicting_epenthetic_vowel_quality_from
_acoustics_final.pdf Graphic file (type pdf)

<use images/chapter02/Interspeech2017_Predicting_epenthetic_vowel_quality_from_
acoustics_final.pdf, page 2>
Package pdftex.def Info: images/chapter02/Interspeech2017_Predicting_epenthetic
_vowel_quality_from_acoustics_final.pdf, page2 used on input line 106.
(pdftex.def)             Requested size: 597.47792pt x 845.19412pt.


Package Fancyhdr Warning: \headheight is too small (12.0pt): 
 Make it at least 14.49998pt.
 We now make it that large for the rest of the document.
 This may cause the page layout to be inconsistent, however.

File: images/chapter02/Interspeech2017_Predicting_epenthetic_vowel_quality_from
_acoustics_final.pdf Graphic file (type pdf)

<use images/chapter02/Interspeech2017_Predicting_epenthetic_vowel_quality_from_
acoustics_final.pdf, page 2>
Package pdftex.def Info: images/chapter02/Interspeech2017_Predicting_epenthetic
_vowel_quality_from_acoustics_final.pdf, page2 used on input line 106.
(pdftex.def)             Requested size: 597.47792pt x 845.19412pt.
 [20 <./images/chapter02/Interspeech2017_Predicting_epenthetic_vowel_quality_fr
om_acoustics_final.pdf>]
<images/chapter02/Interspeech2017_Predicting_epenthetic_vowel_quality_from_acou
stics_final.pdf, id=426, page=3, 597.45204pt x 845.1575pt>
File: images/chapter02/Interspeech2017_Predicting_epenthetic_vowel_quality_from
_acoustics_final.pdf Graphic file (type pdf)

<use images/chapter02/Interspeech2017_Predicting_epenthetic_vowel_quality_from_
acoustics_final.pdf, page 3>
Package pdftex.def Info: images/chapter02/Interspeech2017_Predicting_epenthetic
_vowel_quality_from_acoustics_final.pdf, page3 used on input line 106.
(pdftex.def)             Requested size: 597.47792pt x 845.19412pt.
File: images/chapter02/Interspeech2017_Predicting_epenthetic_vowel_quality_from
_acoustics_final.pdf Graphic file (type pdf)

<use images/chapter02/Interspeech2017_Predicting_epenthetic_vowel_quality_from_
acoustics_final.pdf, page 3>
Package pdftex.def Info: images/chapter02/Interspeech2017_Predicting_epenthetic
_vowel_quality_from_acoustics_final.pdf, page3 used on input line 106.
(pdftex.def)             Requested size: 597.47792pt x 845.19412pt.


Package Fancyhdr Warning: \headheight is too small (12.0pt): 
 Make it at least 14.49998pt.
 We now make it that large for the rest of the document.
 This may cause the page layout to be inconsistent, however.

File: images/chapter02/Interspeech2017_Predicting_epenthetic_vowel_quality_from
_acoustics_final.pdf Graphic file (type pdf)

<use images/chapter02/Interspeech2017_Predicting_epenthetic_vowel_quality_from_
acoustics_final.pdf, page 3>
Package pdftex.def Info: images/chapter02/Interspeech2017_Predicting_epenthetic
_vowel_quality_from_acoustics_final.pdf, page3 used on input line 106.
(pdftex.def)             Requested size: 597.47792pt x 845.19412pt.
 [21 <./images/chapter02/Interspeech2017_Predicting_epenthetic_vowel_quality_fr
om_acoustics_final.pdf>]
<images/chapter02/Interspeech2017_Predicting_epenthetic_vowel_quality_from_acou
stics_final.pdf, id=452, page=4, 597.45204pt x 845.1575pt>
File: images/chapter02/Interspeech2017_Predicting_epenthetic_vowel_quality_from
_acoustics_final.pdf Graphic file (type pdf)

<use images/chapter02/Interspeech2017_Predicting_epenthetic_vowel_quality_from_
acoustics_final.pdf, page 4>
Package pdftex.def Info: images/chapter02/Interspeech2017_Predicting_epenthetic
_vowel_quality_from_acoustics_final.pdf, page4 used on input line 106.
(pdftex.def)             Requested size: 597.47792pt x 845.19412pt.
File: images/chapter02/Interspeech2017_Predicting_epenthetic_vowel_quality_from
_acoustics_final.pdf Graphic file (type pdf)

<use images/chapter02/Interspeech2017_Predicting_epenthetic_vowel_quality_from_
acoustics_final.pdf, page 4>
Package pdftex.def Info: images/chapter02/Interspeech2017_Predicting_epenthetic
_vowel_quality_from_acoustics_final.pdf, page4 used on input line 106.
(pdftex.def)             Requested size: 597.47792pt x 845.19412pt.


Package Fancyhdr Warning: \headheight is too small (12.0pt): 
 Make it at least 14.49998pt.
 We now make it that large for the rest of the document.
 This may cause the page layout to be inconsistent, however.

File: images/chapter02/Interspeech2017_Predicting_epenthetic_vowel_quality_from
_acoustics_final.pdf Graphic file (type pdf)

<use images/chapter02/Interspeech2017_Predicting_epenthetic_vowel_quality_from_
acoustics_final.pdf, page 4>
Package pdftex.def Info: images/chapter02/Interspeech2017_Predicting_epenthetic
_vowel_quality_from_acoustics_final.pdf, page4 used on input line 106.
(pdftex.def)             Requested size: 597.47792pt x 845.19412pt.
 [22 <./images/chapter02/Interspeech2017_Predicting_epenthetic_vowel_quality_fr
om_acoustics_final.pdf>]
<images/chapter02/Interspeech2017_Predicting_epenthetic_vowel_quality_from_acou
stics_final.pdf, id=458, page=5, 597.45204pt x 845.1575pt>
File: images/chapter02/Interspeech2017_Predicting_epenthetic_vowel_quality_from
_acoustics_final.pdf Graphic file (type pdf)

<use images/chapter02/Interspeech2017_Predicting_epenthetic_vowel_quality_from_
acoustics_final.pdf, page 5>
Package pdftex.def Info: images/chapter02/Interspeech2017_Predicting_epenthetic
_vowel_quality_from_acoustics_final.pdf, page5 used on input line 106.
(pdftex.def)             Requested size: 597.47792pt x 845.19412pt.
File: images/chapter02/Interspeech2017_Predicting_epenthetic_vowel_quality_from
_acoustics_final.pdf Graphic file (type pdf)

<use images/chapter02/Interspeech2017_Predicting_epenthetic_vowel_quality_from_
acoustics_final.pdf, page 5>
Package pdftex.def Info: images/chapter02/Interspeech2017_Predicting_epenthetic
_vowel_quality_from_acoustics_final.pdf, page5 used on input line 106.
(pdftex.def)             Requested size: 597.47792pt x 845.19412pt.


Package Fancyhdr Warning: \headheight is too small (12.0pt): 
 Make it at least 14.49998pt.
 We now make it that large for the rest of the document.
 This may cause the page layout to be inconsistent, however.

File: images/chapter02/Interspeech2017_Predicting_epenthetic_vowel_quality_from
_acoustics_final.pdf Graphic file (type pdf)

<use images/chapter02/Interspeech2017_Predicting_epenthetic_vowel_quality_from_
acoustics_final.pdf, page 5>
Package pdftex.def Info: images/chapter02/Interspeech2017_Predicting_epenthetic
_vowel_quality_from_acoustics_final.pdf, page5 used on input line 106.
(pdftex.def)             Requested size: 597.47792pt x 845.19412pt.
 [23 <./images/chapter02/Interspeech2017_Predicting_epenthetic_vowel_quality_fr
om_acoustics_final.pdf>]
<images/chapter02/parlato_per_all.pdf, id=464, page=1, 505.89pt x 505.89pt>
File: images/chapter02/parlato_per_all.pdf Graphic file (type pdf)

<use images/chapter02/parlato_per_all.pdf, page 1>
Package pdftex.def Info: images/chapter02/parlato_per_all.pdf, page1 used on in
put line 114.
(pdftex.def)             Requested size: 256.0774pt x 256.07838pt.

<images/chapter02/parlato_per_all.pdf, id=465, page=2, 505.89pt x 505.89pt>
File: images/chapter02/parlato_per_all.pdf Graphic file (type pdf)

<use images/chapter02/parlato_per_all.pdf, page 2>
Package pdftex.def Info: images/chapter02/parlato_per_all.pdf, page2 used on in
put line 115.
(pdftex.def)             Requested size: 256.0774pt x 256.07838pt.

<images/chapter02/parlato_per_iou.pdf, id=466, page=1, 289.08pt x 216.81pt>
File: images/chapter02/parlato_per_iou.pdf Graphic file (type pdf)

<use images/chapter02/parlato_per_iou.pdf, page 1>
Package pdftex.def Info: images/chapter02/parlato_per_iou.pdf, page1 used on in
put line 124.
(pdftex.def)             Requested size: 192.0548pt x 144.0412pt.

<images/chapter02/parlato_per_iou.pdf, id=467, page=3, 289.08pt x 216.81pt>
File: images/chapter02/parlato_per_iou.pdf Graphic file (type pdf)

<use images/chapter02/parlato_per_iou.pdf, page 3>
Package pdftex.def Info: images/chapter02/parlato_per_iou.pdf, page3 used on in
put line 126.
(pdftex.def)             Requested size: 192.0548pt x 144.0412pt.

Underfull \vbox (badness 1259) has occurred while \output is active []



Package Fancyhdr Warning: \headheight is too small (12.0pt): 
 Make it at least 14.49998pt.
 We now make it that large for the rest of the document.
 This may cause the page layout to be inconsistent, however.

[24 <./images/chapter02/parlato_per_all.pdf> <./images/chapter02/parlato_per_al
l.pdf>]
<images/chapter02/parlato_per_iou.pdf, id=480, page=2, 289.08pt x 216.81pt>
File: images/chapter02/parlato_per_iou.pdf Graphic file (type pdf)

<use images/chapter02/parlato_per_iou.pdf, page 2>
Package pdftex.def Info: images/chapter02/parlato_per_iou.pdf, page2 used on in
put line 134.
(pdftex.def)             Requested size: 192.0548pt x 144.0412pt.

<images/chapter02/parlato_per_iou.pdf, id=481, page=4, 289.08pt x 216.81pt>
File: images/chapter02/parlato_per_iou.pdf Graphic file (type pdf)

<use images/chapter02/parlato_per_iou.pdf, page 4>
Package pdftex.def Info: images/chapter02/parlato_per_iou.pdf, page4 used on in
put line 136.
(pdftex.def)             Requested size: 192.0548pt x 144.0412pt.

<images/chapter02/parlato_acoustic.pdf, id=482, page=1, 361.35pt x 361.35pt>
File: images/chapter02/parlato_acoustic.pdf Graphic file (type pdf)

<use images/chapter02/parlato_acoustic.pdf, page 1>
Package pdftex.def Info: images/chapter02/parlato_acoustic.pdf, page1 used on i
nput line 144.
(pdftex.def)             Requested size: 184.9422pt x 184.9429pt.

<images/chapter02/parlato_acoustic.pdf, id=484, page=2, 361.35pt x 361.35pt>
File: images/chapter02/parlato_acoustic.pdf Graphic file (type pdf)

<use images/chapter02/parlato_acoustic.pdf, page 2>
Package pdftex.def Info: images/chapter02/parlato_acoustic.pdf, page2 used on i
nput line 146.
(pdftex.def)             Requested size: 184.9422pt x 184.9429pt.

<images/chapter02/parlato_acoustic.pdf, id=486, page=3, 361.35pt x 361.35pt>
File: images/chapter02/parlato_acoustic.pdf Graphic file (type pdf)

<use images/chapter02/parlato_acoustic.pdf, page 3>
Package pdftex.def Info: images/chapter02/parlato_acoustic.pdf, page3 used on i
nput line 147.
(pdftex.def)             Requested size: 184.9422pt x 184.9429pt.

Underfull \vbox (badness 10000) has occurred while \output is active []



Package Fancyhdr Warning: \headheight is too small (12.0pt): 
 Make it at least 14.49998pt.
 We now make it that large for the rest of the document.
 This may cause the page layout to be inconsistent, however.

[25 <./images/chapter02/parlato_per_iou.pdf> <./images/chapter02/parlato_per_io
u.pdf> <./images/chapter02/parlato_per_iou.pdf> <./images/chapter02/parlato_per
_iou.pdf>]
Overfull \hbox (1.03061pt too wide) in paragraph at lines 162--163
\OT1/cmr/m/n/12 2.1), re-flected by abil-ity of ex-em-plar model to re-pro-duce
 mod-u-la-tion of epVqual
 []


Package Fancyhdr Warning: \headheight is too small (12.0pt): 
 Make it at least 14.49998pt.
 We now make it that large for the rest of the document.
 This may cause the page layout to be inconsistent, however.

[26 <./images/chapter02/parlato_acoustic.pdf> <./images/chapter02/parlato_acous
tic.pdf> <./images/chapter02/parlato_acoustic.pdf>]
Overfull \hbox (6.05695pt too wide) in paragraph at lines 174--175
[]\OT1/cmr/m/n/12 Match from acoustics-to-acoustics, with-out nor-mal-iz-ing th
e acous-tics by speaker 
 []

)

Package Fancyhdr Warning: \headheight is too small (12.0pt): 
 Make it at least 14.49998pt.
 We now make it that large for the rest of the document.
 This may cause the page layout to be inconsistent, however.

[27]
Chapter 3.
(./chapters/chapter03.tex) [28

]
Chapter 4.
(./chapters/chapter04.tex) [29

]
Chapter 5.
(./chapters/chapter05-disc.tex) (./chapters/appendix.tex
<images/appendix/IDS_ADS_Riken_word_discriminability_20171227_draft.pdf, id=536
, 614.295pt x 794.97pt>
File: images/appendix/IDS_ADS_Riken_word_discriminability_20171227_draft.pdf Gr
aphic file (type pdf)

<use images/appendix/IDS_ADS_Riken_word_discriminability_20171227_draft.pdf>
Package pdftex.def Info: images/appendix/IDS_ADS_Riken_word_discriminability_20
171227_draft.pdf used on input line 3.
(pdftex.def)             Requested size: 614.29349pt x 794.96806pt.
File: images/appendix/IDS_ADS_Riken_word_discriminability_20171227_draft.pdf Gr
aphic file (type pdf)

<use images/appendix/IDS_ADS_Riken_word_discriminability_20171227_draft.pdf>
Package pdftex.def Info: images/appendix/IDS_ADS_Riken_word_discriminability_20
171227_draft.pdf used on input line 3.
(pdftex.def)             Requested size: 614.29349pt x 794.96806pt.

[30

]
<images/appendix/IDS_ADS_Riken_word_discriminability_20171227_draft.pdf, id=543
, page=1, 614.295pt x 794.97pt>
File: images/appendix/IDS_ADS_Riken_word_discriminability_20171227_draft.pdf Gr
aphic file (type pdf)

<use images/appendix/IDS_ADS_Riken_word_discriminability_20171227_draft.pdf, pa
ge 1>
Package pdftex.def Info: images/appendix/IDS_ADS_Riken_word_discriminability_20
171227_draft.pdf, page1 used on input line 3.
(pdftex.def)             Requested size: 614.29349pt x 794.96806pt.
File: images/appendix/IDS_ADS_Riken_word_discriminability_20171227_draft.pdf Gr
aphic file (type pdf)

<use images/appendix/IDS_ADS_Riken_word_discriminability_20171227_draft.pdf, pa
ge 1>
Package pdftex.def Info: images/appendix/IDS_ADS_Riken_word_discriminability_20
171227_draft.pdf, page1 used on input line 3.
(pdftex.def)             Requested size: 597.78697pt x 773.60669pt.
File: images/appendix/IDS_ADS_Riken_word_discriminability_20171227_draft.pdf Gr
aphic file (type pdf)

<use images/appendix/IDS_ADS_Riken_word_discriminability_20171227_draft.pdf, pa
ge 1>
Package pdftex.def Info: images/appendix/IDS_ADS_Riken_word_discriminability_20
171227_draft.pdf, page1 used on input line 3.
(pdftex.def)             Requested size: 597.78697pt x 773.60669pt.
File: images/appendix/IDS_ADS_Riken_word_discriminability_20171227_draft.pdf Gr
aphic file (type pdf)

<use images/appendix/IDS_ADS_Riken_word_discriminability_20171227_draft.pdf, pa
ge 1>
Package pdftex.def Info: images/appendix/IDS_ADS_Riken_word_discriminability_20
171227_draft.pdf, page1 used on input line 3.
(pdftex.def)             Requested size: 597.78697pt x 773.60669pt.

Appendix A.

Package Fancyhdr Warning: \headheight is too small (12.0pt): 
 Make it at least 27.18335pt.
 We now make it that large for the rest of the document.
 This may cause the page layout to be inconsistent, however.

File: images/appendix/IDS_ADS_Riken_word_discriminability_20171227_draft.pdf Gr
aphic file (type pdf)

<use images/appendix/IDS_ADS_Riken_word_discriminability_20171227_draft.pdf, pa
ge 1>
Package pdftex.def Info: images/appendix/IDS_ADS_Riken_word_discriminability_20
171227_draft.pdf, page1 used on input line 3.
(pdftex.def)             Requested size: 597.78697pt x 773.60669pt.
 [31 <./images/appendix/IDS_ADS_Riken_word_discriminability_20171227_draft.pdf>
]
<images/appendix/IDS_ADS_Riken_word_discriminability_20171227_draft.pdf, id=574
, page=2, 614.295pt x 794.97pt>
File: images/appendix/IDS_ADS_Riken_word_discriminability_20171227_draft.pdf Gr
aphic file (type pdf)

<use images/appendix/IDS_ADS_Riken_word_discriminability_20171227_draft.pdf, pa
ge 2>
Package pdftex.def Info: images/appendix/IDS_ADS_Riken_word_discriminability_20
171227_draft.pdf, page2 used on input line 3.
(pdftex.def)             Requested size: 597.78697pt x 773.60669pt.
File: images/appendix/IDS_ADS_Riken_word_discriminability_20171227_draft.pdf Gr
aphic file (type pdf)

<use images/appendix/IDS_ADS_Riken_word_discriminability_20171227_draft.pdf, pa
ge 2>
Package pdftex.def Info: images/appendix/IDS_ADS_Riken_word_discriminability_20
171227_draft.pdf, page2 used on input line 3.
(pdftex.def)             Requested size: 597.78697pt x 773.60669pt.


Package Fancyhdr Warning: \headheight is too small (12.0pt): 
 Make it at least 27.18335pt.
 We now make it that large for the rest of the document.
 This may cause the page layout to be inconsistent, however.

File: images/appendix/IDS_ADS_Riken_word_discriminability_20171227_draft.pdf Gr
aphic file (type pdf)

<use images/appendix/IDS_ADS_Riken_word_discriminability_20171227_draft.pdf, pa
ge 2>
Package pdftex.def Info: images/appendix/IDS_ADS_Riken_word_discriminability_20
171227_draft.pdf, page2 used on input line 3.
(pdftex.def)             Requested size: 597.78697pt x 773.60669pt.
 [32 <./images/appendix/IDS_ADS_Riken_word_discriminability_20171227_draft.pdf>
]
<images/appendix/IDS_ADS_Riken_word_discriminability_20171227_draft.pdf, id=584
, page=3, 614.295pt x 794.97pt>
File: images/appendix/IDS_ADS_Riken_word_discriminability_20171227_draft.pdf Gr
aphic file (type pdf)

<use images/appendix/IDS_ADS_Riken_word_discriminability_20171227_draft.pdf, pa
ge 3>
Package pdftex.def Info: images/appendix/IDS_ADS_Riken_word_discriminability_20
171227_draft.pdf, page3 used on input line 3.
(pdftex.def)             Requested size: 597.78697pt x 773.60669pt.
File: images/appendix/IDS_ADS_Riken_word_discriminability_20171227_draft.pdf Gr
aphic file (type pdf)

<use images/appendix/IDS_ADS_Riken_word_discriminability_20171227_draft.pdf, pa
ge 3>
Package pdftex.def Info: images/appendix/IDS_ADS_Riken_word_discriminability_20
171227_draft.pdf, page3 used on input line 3.
(pdftex.def)             Requested size: 597.78697pt x 773.60669pt.


Package Fancyhdr Warning: \headheight is too small (12.0pt): 
 Make it at least 27.18335pt.
 We now make it that large for the rest of the document.
 This may cause the page layout to be inconsistent, however.

File: images/appendix/IDS_ADS_Riken_word_discriminability_20171227_draft.pdf Gr
aphic file (type pdf)

<use images/appendix/IDS_ADS_Riken_word_discriminability_20171227_draft.pdf, pa
ge 3>
Package pdftex.def Info: images/appendix/IDS_ADS_Riken_word_discriminability_20
171227_draft.pdf, page3 used on input line 3.
(pdftex.def)             Requested size: 597.78697pt x 773.60669pt.
 [33 <./images/appendix/IDS_ADS_Riken_word_discriminability_20171227_draft.pdf>
]
<images/appendix/IDS_ADS_Riken_word_discriminability_20171227_draft.pdf, id=592
, page=4, 614.295pt x 794.97pt>
File: images/appendix/IDS_ADS_Riken_word_discriminability_20171227_draft.pdf Gr
aphic file (type pdf)

<use images/appendix/IDS_ADS_Riken_word_discriminability_20171227_draft.pdf, pa
ge 4>
Package pdftex.def Info: images/appendix/IDS_ADS_Riken_word_discriminability_20
171227_draft.pdf, page4 used on input line 3.
(pdftex.def)             Requested size: 597.78697pt x 773.60669pt.
File: images/appendix/IDS_ADS_Riken_word_discriminability_20171227_draft.pdf Gr
aphic file (type pdf)

<use images/appendix/IDS_ADS_Riken_word_discriminability_20171227_draft.pdf, pa
ge 4>
Package pdftex.def Info: images/appendix/IDS_ADS_Riken_word_discriminability_20
171227_draft.pdf, page4 used on input line 3.
(pdftex.def)             Requested size: 597.78697pt x 773.60669pt.


Package Fancyhdr Warning: \headheight is too small (12.0pt): 
 Make it at least 27.18335pt.
 We now make it that large for the rest of the document.
 This may cause the page layout to be inconsistent, however.

File: images/appendix/IDS_ADS_Riken_word_discriminability_20171227_draft.pdf Gr
aphic file (type pdf)

<use images/appendix/IDS_ADS_Riken_word_discriminability_20171227_draft.pdf, pa
ge 4>
Package pdftex.def Info: images/appendix/IDS_ADS_Riken_word_discriminability_20
171227_draft.pdf, page4 used on input line 3.
(pdftex.def)             Requested size: 597.78697pt x 773.60669pt.
 [34 <./images/appendix/IDS_ADS_Riken_word_discriminability_20171227_draft.pdf>
]
<images/appendix/IDS_ADS_Riken_word_discriminability_20171227_draft.pdf, id=619
, page=5, 614.295pt x 794.97pt>
File: images/appendix/IDS_ADS_Riken_word_discriminability_20171227_draft.pdf Gr
aphic file (type pdf)

<use images/appendix/IDS_ADS_Riken_word_discriminability_20171227_draft.pdf, pa
ge 5>
Package pdftex.def Info: images/appendix/IDS_ADS_Riken_word_discriminability_20
171227_draft.pdf, page5 used on input line 3.
(pdftex.def)             Requested size: 597.78697pt x 773.60669pt.
File: images/appendix/IDS_ADS_Riken_word_discriminability_20171227_draft.pdf Gr
aphic file (type pdf)

<use images/appendix/IDS_ADS_Riken_word_discriminability_20171227_draft.pdf, pa
ge 5>
Package pdftex.def Info: images/appendix/IDS_ADS_Riken_word_discriminability_20
171227_draft.pdf, page5 used on input line 3.
(pdftex.def)             Requested size: 597.78697pt x 773.60669pt.


Package Fancyhdr Warning: \headheight is too small (12.0pt): 
 Make it at least 27.18335pt.
 We now make it that large for the rest of the document.
 This may cause the page layout to be inconsistent, however.

File: images/appendix/IDS_ADS_Riken_word_discriminability_20171227_draft.pdf Gr
aphic file (type pdf)

<use images/appendix/IDS_ADS_Riken_word_discriminability_20171227_draft.pdf, pa
ge 5>
Package pdftex.def Info: images/appendix/IDS_ADS_Riken_word_discriminability_20
171227_draft.pdf, page5 used on input line 3.
(pdftex.def)             Requested size: 597.78697pt x 773.60669pt.
 [35 <./images/appendix/IDS_ADS_Riken_word_discriminability_20171227_draft.pdf>
]
<images/appendix/IDS_ADS_Riken_word_discriminability_20171227_draft.pdf, id=633
, page=6, 614.295pt x 794.97pt>
File: images/appendix/IDS_ADS_Riken_word_discriminability_20171227_draft.pdf Gr
aphic file (type pdf)

<use images/appendix/IDS_ADS_Riken_word_discriminability_20171227_draft.pdf, pa
ge 6>
Package pdftex.def Info: images/appendix/IDS_ADS_Riken_word_discriminability_20
171227_draft.pdf, page6 used on input line 3.
(pdftex.def)             Requested size: 597.78697pt x 773.60669pt.
File: images/appendix/IDS_ADS_Riken_word_discriminability_20171227_draft.pdf Gr
aphic file (type pdf)

<use images/appendix/IDS_ADS_Riken_word_discriminability_20171227_draft.pdf, pa
ge 6>
Package pdftex.def Info: images/appendix/IDS_ADS_Riken_word_discriminability_20
171227_draft.pdf, page6 used on input line 3.
(pdftex.def)             Requested size: 597.78697pt x 773.60669pt.


Package Fancyhdr Warning: \headheight is too small (12.0pt): 
 Make it at least 27.18335pt.
 We now make it that large for the rest of the document.
 This may cause the page layout to be inconsistent, however.

File: images/appendix/IDS_ADS_Riken_word_discriminability_20171227_draft.pdf Gr
aphic file (type pdf)

<use images/appendix/IDS_ADS_Riken_word_discriminability_20171227_draft.pdf, pa
ge 6>
Package pdftex.def Info: images/appendix/IDS_ADS_Riken_word_discriminability_20
171227_draft.pdf, page6 used on input line 3.
(pdftex.def)             Requested size: 597.78697pt x 773.60669pt.
 [36 <./images/appendix/IDS_ADS_Riken_word_discriminability_20171227_draft.pdf>
]
<images/appendix/IDS_ADS_Riken_word_discriminability_20171227_draft.pdf, id=638
, page=7, 614.295pt x 794.97pt>
File: images/appendix/IDS_ADS_Riken_word_discriminability_20171227_draft.pdf Gr
aphic file (type pdf)

<use images/appendix/IDS_ADS_Riken_word_discriminability_20171227_draft.pdf, pa
ge 7>
Package pdftex.def Info: images/appendix/IDS_ADS_Riken_word_discriminability_20
171227_draft.pdf, page7 used on input line 3.
(pdftex.def)             Requested size: 597.78697pt x 773.60669pt.
File: images/appendix/IDS_ADS_Riken_word_discriminability_20171227_draft.pdf Gr
aphic file (type pdf)

<use images/appendix/IDS_ADS_Riken_word_discriminability_20171227_draft.pdf, pa
ge 7>
Package pdftex.def Info: images/appendix/IDS_ADS_Riken_word_discriminability_20
171227_draft.pdf, page7 used on input line 3.
(pdftex.def)             Requested size: 597.78697pt x 773.60669pt.


Package Fancyhdr Warning: \headheight is too small (12.0pt): 
 Make it at least 27.18335pt.
 We now make it that large for the rest of the document.
 This may cause the page layout to be inconsistent, however.

File: images/appendix/IDS_ADS_Riken_word_discriminability_20171227_draft.pdf Gr
aphic file (type pdf)

<use images/appendix/IDS_ADS_Riken_word_discriminability_20171227_draft.pdf, pa
ge 7>
Package pdftex.def Info: images/appendix/IDS_ADS_Riken_word_discriminability_20
171227_draft.pdf, page7 used on input line 3.
(pdftex.def)             Requested size: 597.78697pt x 773.60669pt.
 [37 <./images/appendix/IDS_ADS_Riken_word_discriminability_20171227_draft.pdf>
]
<images/appendix/IDS_ADS_Riken_word_discriminability_20171227_draft.pdf, id=654
, page=8, 614.295pt x 794.97pt>
File: images/appendix/IDS_ADS_Riken_word_discriminability_20171227_draft.pdf Gr
aphic file (type pdf)

<use images/appendix/IDS_ADS_Riken_word_discriminability_20171227_draft.pdf, pa
ge 8>
Package pdftex.def Info: images/appendix/IDS_ADS_Riken_word_discriminability_20
171227_draft.pdf, page8 used on input line 3.
(pdftex.def)             Requested size: 597.78697pt x 773.60669pt.
File: images/appendix/IDS_ADS_Riken_word_discriminability_20171227_draft.pdf Gr
aphic file (type pdf)

<use images/appendix/IDS_ADS_Riken_word_discriminability_20171227_draft.pdf, pa
ge 8>
Package pdftex.def Info: images/appendix/IDS_ADS_Riken_word_discriminability_20
171227_draft.pdf, page8 used on input line 3.
(pdftex.def)             Requested size: 597.78697pt x 773.60669pt.


Package Fancyhdr Warning: \headheight is too small (12.0pt): 
 Make it at least 27.18335pt.
 We now make it that large for the rest of the document.
 This may cause the page layout to be inconsistent, however.

File: images/appendix/IDS_ADS_Riken_word_discriminability_20171227_draft.pdf Gr
aphic file (type pdf)

<use images/appendix/IDS_ADS_Riken_word_discriminability_20171227_draft.pdf, pa
ge 8>
Package pdftex.def Info: images/appendix/IDS_ADS_Riken_word_discriminability_20
171227_draft.pdf, page8 used on input line 3.
(pdftex.def)             Requested size: 597.78697pt x 773.60669pt.
 [38 <./images/appendix/IDS_ADS_Riken_word_discriminability_20171227_draft.pdf>
]
<images/appendix/IDS_ADS_Riken_word_discriminability_20171227_draft.pdf, id=675
, page=9, 614.295pt x 794.97pt>
File: images/appendix/IDS_ADS_Riken_word_discriminability_20171227_draft.pdf Gr
aphic file (type pdf)

<use images/appendix/IDS_ADS_Riken_word_discriminability_20171227_draft.pdf, pa
ge 9>
Package pdftex.def Info: images/appendix/IDS_ADS_Riken_word_discriminability_20
171227_draft.pdf, page9 used on input line 3.
(pdftex.def)             Requested size: 597.78697pt x 773.60669pt.
File: images/appendix/IDS_ADS_Riken_word_discriminability_20171227_draft.pdf Gr
aphic file (type pdf)

<use images/appendix/IDS_ADS_Riken_word_discriminability_20171227_draft.pdf, pa
ge 9>
Package pdftex.def Info: images/appendix/IDS_ADS_Riken_word_discriminability_20
171227_draft.pdf, page9 used on input line 3.
(pdftex.def)             Requested size: 597.78697pt x 773.60669pt.


Package Fancyhdr Warning: \headheight is too small (12.0pt): 
 Make it at least 27.18335pt.
 We now make it that large for the rest of the document.
 This may cause the page layout to be inconsistent, however.

File: images/appendix/IDS_ADS_Riken_word_discriminability_20171227_draft.pdf Gr
aphic file (type pdf)

<use images/appendix/IDS_ADS_Riken_word_discriminability_20171227_draft.pdf, pa
ge 9>
Package pdftex.def Info: images/appendix/IDS_ADS_Riken_word_discriminability_20
171227_draft.pdf, page9 used on input line 3.
(pdftex.def)             Requested size: 597.78697pt x 773.60669pt.
 [39 <./images/appendix/IDS_ADS_Riken_word_discriminability_20171227_draft.pdf>
]
<images/appendix/IDS_ADS_Riken_word_discriminability_20171227_draft.pdf, id=695
, page=10, 614.295pt x 794.97pt>
File: images/appendix/IDS_ADS_Riken_word_discriminability_20171227_draft.pdf Gr
aphic file (type pdf)

<use images/appendix/IDS_ADS_Riken_word_discriminability_20171227_draft.pdf, pa
ge 10>
Package pdftex.def Info: images/appendix/IDS_ADS_Riken_word_discriminability_20
171227_draft.pdf, page10 used on input line 3.
(pdftex.def)             Requested size: 597.78697pt x 773.60669pt.
File: images/appendix/IDS_ADS_Riken_word_discriminability_20171227_draft.pdf Gr
aphic file (type pdf)

<use images/appendix/IDS_ADS_Riken_word_discriminability_20171227_draft.pdf, pa
ge 10>
Package pdftex.def Info: images/appendix/IDS_ADS_Riken_word_discriminability_20
171227_draft.pdf, page10 used on input line 3.
(pdftex.def)             Requested size: 597.78697pt x 773.60669pt.


Package Fancyhdr Warning: \headheight is too small (12.0pt): 
 Make it at least 27.18335pt.
 We now make it that large for the rest of the document.
 This may cause the page layout to be inconsistent, however.

File: images/appendix/IDS_ADS_Riken_word_discriminability_20171227_draft.pdf Gr
aphic file (type pdf)

<use images/appendix/IDS_ADS_Riken_word_discriminability_20171227_draft.pdf, pa
ge 10>
Package pdftex.def Info: images/appendix/IDS_ADS_Riken_word_discriminability_20
171227_draft.pdf, page10 used on input line 3.
(pdftex.def)             Requested size: 597.78697pt x 773.60669pt.
 [40 <./images/appendix/IDS_ADS_Riken_word_discriminability_20171227_draft.pdf>
]
<images/appendix/IDS_ADS_Riken_word_discriminability_20171227_draft.pdf, id=700
, page=11, 614.295pt x 794.97pt>
File: images/appendix/IDS_ADS_Riken_word_discriminability_20171227_draft.pdf Gr
aphic file (type pdf)

<use images/appendix/IDS_ADS_Riken_word_discriminability_20171227_draft.pdf, pa
ge 11>
Package pdftex.def Info: images/appendix/IDS_ADS_Riken_word_discriminability_20
171227_draft.pdf, page11 used on input line 3.
(pdftex.def)             Requested size: 597.78697pt x 773.60669pt.
File: images/appendix/IDS_ADS_Riken_word_discriminability_20171227_draft.pdf Gr
aphic file (type pdf)

<use images/appendix/IDS_ADS_Riken_word_discriminability_20171227_draft.pdf, pa
ge 11>
Package pdftex.def Info: images/appendix/IDS_ADS_Riken_word_discriminability_20
171227_draft.pdf, page11 used on input line 3.
(pdftex.def)             Requested size: 597.78697pt x 773.60669pt.


Package Fancyhdr Warning: \headheight is too small (12.0pt): 
 Make it at least 27.18335pt.
 We now make it that large for the rest of the document.
 This may cause the page layout to be inconsistent, however.

File: images/appendix/IDS_ADS_Riken_word_discriminability_20171227_draft.pdf Gr
aphic file (type pdf)

<use images/appendix/IDS_ADS_Riken_word_discriminability_20171227_draft.pdf, pa
ge 11>
Package pdftex.def Info: images/appendix/IDS_ADS_Riken_word_discriminability_20
171227_draft.pdf, page11 used on input line 3.
(pdftex.def)             Requested size: 597.78697pt x 773.60669pt.
 [41 <./images/appendix/IDS_ADS_Riken_word_discriminability_20171227_draft.pdf>
]
<images/appendix/IDS_ADS_Riken_word_discriminability_20171227_draft.pdf, id=720
, page=12, 614.295pt x 794.97pt>
File: images/appendix/IDS_ADS_Riken_word_discriminability_20171227_draft.pdf Gr
aphic file (type pdf)

<use images/appendix/IDS_ADS_Riken_word_discriminability_20171227_draft.pdf, pa
ge 12>
Package pdftex.def Info: images/appendix/IDS_ADS_Riken_word_discriminability_20
171227_draft.pdf, page12 used on input line 3.
(pdftex.def)             Requested size: 597.78697pt x 773.60669pt.
File: images/appendix/IDS_ADS_Riken_word_discriminability_20171227_draft.pdf Gr
aphic file (type pdf)

<use images/appendix/IDS_ADS_Riken_word_discriminability_20171227_draft.pdf, pa
ge 12>
Package pdftex.def Info: images/appendix/IDS_ADS_Riken_word_discriminability_20
171227_draft.pdf, page12 used on input line 3.
(pdftex.def)             Requested size: 597.78697pt x 773.60669pt.


Package Fancyhdr Warning: \headheight is too small (12.0pt): 
 Make it at least 27.18335pt.
 We now make it that large for the rest of the document.
 This may cause the page layout to be inconsistent, however.

File: images/appendix/IDS_ADS_Riken_word_discriminability_20171227_draft.pdf Gr
aphic file (type pdf)

<use images/appendix/IDS_ADS_Riken_word_discriminability_20171227_draft.pdf, pa
ge 12>
Package pdftex.def Info: images/appendix/IDS_ADS_Riken_word_discriminability_20
171227_draft.pdf, page12 used on input line 3.
(pdftex.def)             Requested size: 597.78697pt x 773.60669pt.
 [42 <./images/appendix/IDS_ADS_Riken_word_discriminability_20171227_draft.pdf>
]
<images/appendix/IDS_ADS_Riken_word_discriminability_20171227_draft.pdf, id=741
, page=13, 614.295pt x 794.97pt>
File: images/appendix/IDS_ADS_Riken_word_discriminability_20171227_draft.pdf Gr
aphic file (type pdf)

<use images/appendix/IDS_ADS_Riken_word_discriminability_20171227_draft.pdf, pa
ge 13>
Package pdftex.def Info: images/appendix/IDS_ADS_Riken_word_discriminability_20
171227_draft.pdf, page13 used on input line 3.
(pdftex.def)             Requested size: 597.78697pt x 773.60669pt.
File: images/appendix/IDS_ADS_Riken_word_discriminability_20171227_draft.pdf Gr
aphic file (type pdf)

<use images/appendix/IDS_ADS_Riken_word_discriminability_20171227_draft.pdf, pa
ge 13>
Package pdftex.def Info: images/appendix/IDS_ADS_Riken_word_discriminability_20
171227_draft.pdf, page13 used on input line 3.
(pdftex.def)             Requested size: 597.78697pt x 773.60669pt.


Package Fancyhdr Warning: \headheight is too small (12.0pt): 
 Make it at least 27.18335pt.
 We now make it that large for the rest of the document.
 This may cause the page layout to be inconsistent, however.

File: images/appendix/IDS_ADS_Riken_word_discriminability_20171227_draft.pdf Gr
aphic file (type pdf)

<use images/appendix/IDS_ADS_Riken_word_discriminability_20171227_draft.pdf, pa
ge 13>
Package pdftex.def Info: images/appendix/IDS_ADS_Riken_word_discriminability_20
171227_draft.pdf, page13 used on input line 3.
(pdftex.def)             Requested size: 597.78697pt x 773.60669pt.
 [43 <./images/appendix/IDS_ADS_Riken_word_discriminability_20171227_draft.pdf>
]
<images/appendix/IDS_ADS_Riken_word_discriminability_20171227_draft.pdf, id=747
, page=14, 614.295pt x 794.97pt>
File: images/appendix/IDS_ADS_Riken_word_discriminability_20171227_draft.pdf Gr
aphic file (type pdf)

<use images/appendix/IDS_ADS_Riken_word_discriminability_20171227_draft.pdf, pa
ge 14>
Package pdftex.def Info: images/appendix/IDS_ADS_Riken_word_discriminability_20
171227_draft.pdf, page14 used on input line 3.
(pdftex.def)             Requested size: 597.78697pt x 773.60669pt.
File: images/appendix/IDS_ADS_Riken_word_discriminability_20171227_draft.pdf Gr
aphic file (type pdf)

<use images/appendix/IDS_ADS_Riken_word_discriminability_20171227_draft.pdf, pa
ge 14>
Package pdftex.def Info: images/appendix/IDS_ADS_Riken_word_discriminability_20
171227_draft.pdf, page14 used on input line 3.
(pdftex.def)             Requested size: 597.78697pt x 773.60669pt.


Package Fancyhdr Warning: \headheight is too small (12.0pt): 
 Make it at least 27.18335pt.
 We now make it that large for the rest of the document.
 This may cause the page layout to be inconsistent, however.

File: images/appendix/IDS_ADS_Riken_word_discriminability_20171227_draft.pdf Gr
aphic file (type pdf)

<use images/appendix/IDS_ADS_Riken_word_discriminability_20171227_draft.pdf, pa
ge 14>
Package pdftex.def Info: images/appendix/IDS_ADS_Riken_word_discriminability_20
171227_draft.pdf, page14 used on input line 3.
(pdftex.def)             Requested size: 597.78697pt x 773.60669pt.
 [44 <./images/appendix/IDS_ADS_Riken_word_discriminability_20171227_draft.pdf>
]
<images/appendix/IDS_ADS_Riken_word_discriminability_20171227_draft.pdf, id=752
, page=15, 614.295pt x 794.97pt>
File: images/appendix/IDS_ADS_Riken_word_discriminability_20171227_draft.pdf Gr
aphic file (type pdf)

<use images/appendix/IDS_ADS_Riken_word_discriminability_20171227_draft.pdf, pa
ge 15>
Package pdftex.def Info: images/appendix/IDS_ADS_Riken_word_discriminability_20
171227_draft.pdf, page15 used on input line 3.
(pdftex.def)             Requested size: 597.78697pt x 773.60669pt.
File: images/appendix/IDS_ADS_Riken_word_discriminability_20171227_draft.pdf Gr
aphic file (type pdf)

<use images/appendix/IDS_ADS_Riken_word_discriminability_20171227_draft.pdf, pa
ge 15>
Package pdftex.def Info: images/appendix/IDS_ADS_Riken_word_discriminability_20
171227_draft.pdf, page15 used on input line 3.
(pdftex.def)             Requested size: 597.78697pt x 773.60669pt.


Package Fancyhdr Warning: \headheight is too small (12.0pt): 
 Make it at least 27.18335pt.
 We now make it that large for the rest of the document.
 This may cause the page layout to be inconsistent, however.

File: images/appendix/IDS_ADS_Riken_word_discriminability_20171227_draft.pdf Gr
aphic file (type pdf)

<use images/appendix/IDS_ADS_Riken_word_discriminability_20171227_draft.pdf, pa
ge 15>
Package pdftex.def Info: images/appendix/IDS_ADS_Riken_word_discriminability_20
171227_draft.pdf, page15 used on input line 3.
(pdftex.def)             Requested size: 597.78697pt x 773.60669pt.
 [45 <./images/appendix/IDS_ADS_Riken_word_discriminability_20171227_draft.pdf>
]
<images/appendix/IDS_ADS_Riken_word_discriminability_20171227_draft.pdf, id=757
, page=16, 614.295pt x 794.97pt>
File: images/appendix/IDS_ADS_Riken_word_discriminability_20171227_draft.pdf Gr
aphic file (type pdf)

<use images/appendix/IDS_ADS_Riken_word_discriminability_20171227_draft.pdf, pa
ge 16>
Package pdftex.def Info: images/appendix/IDS_ADS_Riken_word_discriminability_20
171227_draft.pdf, page16 used on input line 3.
(pdftex.def)             Requested size: 597.78697pt x 773.60669pt.
File: images/appendix/IDS_ADS_Riken_word_discriminability_20171227_draft.pdf Gr
aphic file (type pdf)

<use images/appendix/IDS_ADS_Riken_word_discriminability_20171227_draft.pdf, pa
ge 16>
Package pdftex.def Info: images/appendix/IDS_ADS_Riken_word_discriminability_20
171227_draft.pdf, page16 used on input line 3.
(pdftex.def)             Requested size: 597.78697pt x 773.60669pt.


Package Fancyhdr Warning: \headheight is too small (12.0pt): 
 Make it at least 27.18335pt.
 We now make it that large for the rest of the document.
 This may cause the page layout to be inconsistent, however.

File: images/appendix/IDS_ADS_Riken_word_discriminability_20171227_draft.pdf Gr
aphic file (type pdf)

<use images/appendix/IDS_ADS_Riken_word_discriminability_20171227_draft.pdf, pa
ge 16>
Package pdftex.def Info: images/appendix/IDS_ADS_Riken_word_discriminability_20
171227_draft.pdf, page16 used on input line 3.
(pdftex.def)             Requested size: 597.78697pt x 773.60669pt.
 [46 <./images/appendix/IDS_ADS_Riken_word_discriminability_20171227_draft.pdf>
]
<images/appendix/IDS_ADS_Riken_word_discriminability_20171227_draft.pdf, id=762
, page=17, 614.295pt x 794.97pt>
File: images/appendix/IDS_ADS_Riken_word_discriminability_20171227_draft.pdf Gr
aphic file (type pdf)

<use images/appendix/IDS_ADS_Riken_word_discriminability_20171227_draft.pdf, pa
ge 17>
Package pdftex.def Info: images/appendix/IDS_ADS_Riken_word_discriminability_20
171227_draft.pdf, page17 used on input line 3.
(pdftex.def)             Requested size: 597.78697pt x 773.60669pt.
File: images/appendix/IDS_ADS_Riken_word_discriminability_20171227_draft.pdf Gr
aphic file (type pdf)

<use images/appendix/IDS_ADS_Riken_word_discriminability_20171227_draft.pdf, pa
ge 17>
Package pdftex.def Info: images/appendix/IDS_ADS_Riken_word_discriminability_20
171227_draft.pdf, page17 used on input line 3.
(pdftex.def)             Requested size: 597.78697pt x 773.60669pt.


Package Fancyhdr Warning: \headheight is too small (12.0pt): 
 Make it at least 27.18335pt.
 We now make it that large for the rest of the document.
 This may cause the page layout to be inconsistent, however.

File: images/appendix/IDS_ADS_Riken_word_discriminability_20171227_draft.pdf Gr
aphic file (type pdf)

<use images/appendix/IDS_ADS_Riken_word_discriminability_20171227_draft.pdf, pa
ge 17>
Package pdftex.def Info: images/appendix/IDS_ADS_Riken_word_discriminability_20
171227_draft.pdf, page17 used on input line 3.
(pdftex.def)             Requested size: 597.78697pt x 773.60669pt.
 [47 <./images/appendix/IDS_ADS_Riken_word_discriminability_20171227_draft.pdf>
]
<images/appendix/IDS_ADS_Riken_word_discriminability_20171227_draft.pdf, id=768
, page=18, 614.295pt x 794.97pt>
File: images/appendix/IDS_ADS_Riken_word_discriminability_20171227_draft.pdf Gr
aphic file (type pdf)

<use images/appendix/IDS_ADS_Riken_word_discriminability_20171227_draft.pdf, pa
ge 18>
Package pdftex.def Info: images/appendix/IDS_ADS_Riken_word_discriminability_20
171227_draft.pdf, page18 used on input line 3.
(pdftex.def)             Requested size: 597.78697pt x 773.60669pt.
File: images/appendix/IDS_ADS_Riken_word_discriminability_20171227_draft.pdf Gr
aphic file (type pdf)

<use images/appendix/IDS_ADS_Riken_word_discriminability_20171227_draft.pdf, pa
ge 18>
Package pdftex.def Info: images/appendix/IDS_ADS_Riken_word_discriminability_20
171227_draft.pdf, page18 used on input line 3.
(pdftex.def)             Requested size: 597.78697pt x 773.60669pt.


Package Fancyhdr Warning: \headheight is too small (12.0pt): 
 Make it at least 27.18335pt.
 We now make it that large for the rest of the document.
 This may cause the page layout to be inconsistent, however.

File: images/appendix/IDS_ADS_Riken_word_discriminability_20171227_draft.pdf Gr
aphic file (type pdf)

<use images/appendix/IDS_ADS_Riken_word_discriminability_20171227_draft.pdf, pa
ge 18>
Package pdftex.def Info: images/appendix/IDS_ADS_Riken_word_discriminability_20
171227_draft.pdf, page18 used on input line 3.
(pdftex.def)             Requested size: 597.78697pt x 773.60669pt.
 [48 <./images/appendix/IDS_ADS_Riken_word_discriminability_20171227_draft.pdf>
]
<images/appendix/IDS_ADS_Riken_word_discriminability_20171227_draft.pdf, id=787
, page=19, 614.295pt x 794.97pt>
File: images/appendix/IDS_ADS_Riken_word_discriminability_20171227_draft.pdf Gr
aphic file (type pdf)

<use images/appendix/IDS_ADS_Riken_word_discriminability_20171227_draft.pdf, pa
ge 19>
Package pdftex.def Info: images/appendix/IDS_ADS_Riken_word_discriminability_20
171227_draft.pdf, page19 used on input line 3.
(pdftex.def)             Requested size: 597.78697pt x 773.60669pt.
File: images/appendix/IDS_ADS_Riken_word_discriminability_20171227_draft.pdf Gr
aphic file (type pdf)

<use images/appendix/IDS_ADS_Riken_word_discriminability_20171227_draft.pdf, pa
ge 19>
Package pdftex.def Info: images/appendix/IDS_ADS_Riken_word_discriminability_20
171227_draft.pdf, page19 used on input line 3.
(pdftex.def)             Requested size: 597.78697pt x 773.60669pt.


Package Fancyhdr Warning: \headheight is too small (12.0pt): 
 Make it at least 27.18335pt.
 We now make it that large for the rest of the document.
 This may cause the page layout to be inconsistent, however.

File: images/appendix/IDS_ADS_Riken_word_discriminability_20171227_draft.pdf Gr
aphic file (type pdf)

<use images/appendix/IDS_ADS_Riken_word_discriminability_20171227_draft.pdf, pa
ge 19>
Package pdftex.def Info: images/appendix/IDS_ADS_Riken_word_discriminability_20
171227_draft.pdf, page19 used on input line 3.
(pdftex.def)             Requested size: 597.78697pt x 773.60669pt.
 [49 <./images/appendix/IDS_ADS_Riken_word_discriminability_20171227_draft.pdf>
]
<images/appendix/IDS_ADS_Riken_word_discriminability_20171227_draft.pdf, id=794
, page=20, 614.295pt x 794.97pt>
File: images/appendix/IDS_ADS_Riken_word_discriminability_20171227_draft.pdf Gr
aphic file (type pdf)

<use images/appendix/IDS_ADS_Riken_word_discriminability_20171227_draft.pdf, pa
ge 20>
Package pdftex.def Info: images/appendix/IDS_ADS_Riken_word_discriminability_20
171227_draft.pdf, page20 used on input line 3.
(pdftex.def)             Requested size: 597.78697pt x 773.60669pt.
File: images/appendix/IDS_ADS_Riken_word_discriminability_20171227_draft.pdf Gr
aphic file (type pdf)

<use images/appendix/IDS_ADS_Riken_word_discriminability_20171227_draft.pdf, pa
ge 20>
Package pdftex.def Info: images/appendix/IDS_ADS_Riken_word_discriminability_20
171227_draft.pdf, page20 used on input line 3.
(pdftex.def)             Requested size: 597.78697pt x 773.60669pt.


Package Fancyhdr Warning: \headheight is too small (12.0pt): 
 Make it at least 27.18335pt.
 We now make it that large for the rest of the document.
 This may cause the page layout to be inconsistent, however.

File: images/appendix/IDS_ADS_Riken_word_discriminability_20171227_draft.pdf Gr
aphic file (type pdf)

<use images/appendix/IDS_ADS_Riken_word_discriminability_20171227_draft.pdf, pa
ge 20>
Package pdftex.def Info: images/appendix/IDS_ADS_Riken_word_discriminability_20
171227_draft.pdf, page20 used on input line 3.
(pdftex.def)             Requested size: 597.78697pt x 773.60669pt.
 [50 <./images/appendix/IDS_ADS_Riken_word_discriminability_20171227_draft.pdf>
])
Package atveryend Info: Empty hook `BeforeClearDocument' on input line 77.
Package atveryend Info: Empty hook `AfterLastShipout' on input line 77.
 (./main.aux)
Package atveryend Info: Executing hook `AtVeryEndDocument' on input line 77.
Package atveryend Info: Executing hook `AtEndAfterFileList' on input line 77.
Package rerunfilecheck Info: File `main.out' has not changed.
(rerunfilecheck)             Checksum: 6EDEED1ED825AB871DBCBF0762EC743C;1445.


LaTeX Warning: There were multiply-defined labels.

Package atveryend Info: Empty hook `AtVeryVeryEnd' on input line 77.
 ) 
Here is how much of TeX's memory you used:
 7490 strings out of 495020
 116955 string characters out of 6181324
 204685 words of memory out of 5000000
 10490 multiletter control sequences out of 15000+600000
 9414 words of font info for 33 fonts, out of 8000000 for 9000
 14 hyphenation exceptions out of 8191
 43i,18n,46p,649b,472s stack positions out of 5000i,500n,10000p,200000b,80000s
</usr/share/texlive/texmf-dist/fonts/type1/public/amsfonts/cm/cmbx12.pfb></us
r/share/texlive/texmf-dist/fonts/type1/public/amsfonts/cm/cmmi12.pfb></usr/shar
e/texlive/texmf-dist/fonts/type1/public/amsfonts/cm/cmmi6.pfb></usr/share/texli
ve/texmf-dist/fonts/type1/public/amsfonts/cm/cmmi8.pfb></usr/share/texlive/texm
f-dist/fonts/type1/public/amsfonts/cm/cmmi9.pfb></usr/share/texlive/texmf-dist/
fonts/type1/public/amsfonts/cm/cmr12.pfb></usr/share/texlive/texmf-dist/fonts/t
ype1/public/amsfonts/cm/cmr17.pfb></usr/share/texlive/texmf-dist/fonts/type1/pu
blic/amsfonts/cm/cmr6.pfb></usr/share/texlive/texmf-dist/fonts/type1/public/ams
fonts/cm/cmr8.pfb></usr/share/texlive/texmf-dist/fonts/type1/public/amsfonts/cm
/cmr9.pfb></usr/share/texlive/texmf-dist/fonts/type1/public/amsfonts/cm/cmsy10.
pfb></usr/share/texlive/texmf-dist/fonts/type1/public/amsfonts/cm/cmsy6.pfb></u
sr/share/texlive/texmf-dist/fonts/type1/public/amsfonts/cm/cmsy9.pfb></usr/shar
e/texlive/texmf-dist/fonts/type1/public/txfonts/rtxb.pfb></usr/share/texlive/te
xmf-dist/fonts/type1/public/txfonts/rtxi.pfb></usr/share/texlive/texmf-dist/fon
ts/type1/public/txfonts/rtxmi.pfb></usr/share/texlive/texmf-dist/fonts/type1/pu
blic/txfonts/rtxr.pfb></usr/share/texlive/texmf-dist/fonts/type1/public/txfonts
/t1xtt.pfb></usr/share/texmf/fonts/type1/fkr/tipa/tipa10.pfb></usr/share/texmf/
fonts/type1/fkr/tipa/tipa8.pfb></usr/share/texlive/texmf-dist/fonts/type1/publi
c/txfonts/txsy.pfb></usr/share/texlive/texmf-dist/fonts/type1/urw/courier/ucrr8
a.pfb></usr/share/texlive/texmf-dist/fonts/type1/urw/times/utmb8a.pfb></usr/sha
re/texlive/texmf-dist/fonts/type1/urw/times/utmr8a.pfb></usr/share/texlive/texm
f-dist/fonts/type1/urw/times/utmri8a.pfb></usr/share/texmf/fonts/type1/fkr/tipa
/xipa10.pfb>
Output written on main.pdf (50 pages, 1634387 bytes).
PDF statistics:
 875 PDF objects out of 1000 (max. 8388607)
 649 compressed objects within 7 object streams
 92 named destinations out of 1000 (max. 500000)
 454 words of extra memory for PDF output out of 10000 (max. 10000000)

