\BOOKMARK [0][-]{chapter.1}{Introduction}{}% 1
\BOOKMARK [0][-]{chapter.2}{redDetermining epenthetic vowel quality}{}% 2
\BOOKMARK [1][-]{section.2.1}{Which epenthetic vowel? \040Phonetic categories versus acoustic detail in perceptual vowel epenthesis}{chapter.2}% 3
\BOOKMARK [2][-]{subsection.2.1.1}{Introduction}{section.2.1}% 4
\BOOKMARK [2][-]{subsection.2.1.2}{Methods}{section.2.1}% 5
\BOOKMARK [2][-]{subsection.2.1.3}{Results}{section.2.1}% 6
\BOOKMARK [2][-]{subsection.2.1.4}{Discussion and conclusion}{section.2.1}% 7
\BOOKMARK [2][-]{subsection.2.1.5}{Annexes}{section.2.1}% 8
\BOOKMARK [2][-]{subsection.2.1.6}{Supplementary experiment: ABX task}{section.2.1}% 9
\BOOKMARK [1][-]{section.2.2}{Predicting epenthetic vowel quality from acoustics}{chapter.2}% 10
\BOOKMARK [2][-]{subsection.2.2.1}{Introduction}{section.2.2}% 11
\BOOKMARK [2][-]{subsection.2.2.2}{Perception experiment}{section.2.2}% 12
\BOOKMARK [2][-]{subsection.2.2.3}{Acoustic analyses}{section.2.2}% 13
\BOOKMARK [2][-]{subsection.2.2.4}{Production-based exemplar model}{section.2.2}% 14
\BOOKMARK [2][-]{subsection.2.2.5}{General Discussion}{section.2.2}% 15
\BOOKMARK [1][-]{section.2.3}{Predicting epenthetic vowel quality from acoustics II: It's about time!}{chapter.2}% 16
\BOOKMARK [2][-]{subsection.2.3.1}{Introduction}{section.2.3}% 17
\BOOKMARK [2][-]{subsection.2.3.2}{Methods}{section.2.3}% 18
\BOOKMARK [2][-]{subsection.2.3.3}{Parameter estimation}{section.2.3}% 19
\BOOKMARK [2][-]{subsection.2.3.4}{Results}{section.2.3}% 20
\BOOKMARK [2][-]{subsection.2.3.5}{Discussion}{section.2.3}% 21
\BOOKMARK [1][-]{section.2.4}{Summary and Discussion}{chapter.2}% 22
\BOOKMARK [0][-]{chapter.3}{Chapter Three Title}{}% 23
\BOOKMARK [1][-]{section.3.1}{General methods}{chapter.3}% 24
\BOOKMARK [2][-]{subsection.3.1.1}{ASR tools as models of perception}{section.3.1}% 25
\BOOKMARK [2][-]{subsection.3.1.2}{Dissecting the model}{section.3.1}% 26
\BOOKMARK [2][-]{subsection.3.1.3}{Assessing native performance}{section.3.1}% 27
\BOOKMARK [2][-]{subsection.3.1.4}{Human-model comparisons}{section.3.1}% 28
\BOOKMARK [1][-]{section.3.2}{redParlato2 - duration}{chapter.3}% 29
\BOOKMARK [2][-]{subsection.3.2.1}{Introduction}{section.3.2}% 30
\BOOKMARK [2][-]{subsection.3.2.2}{Methods}{section.3.2}% 31
\BOOKMARK [2][-]{subsection.3.2.3}{Results}{section.3.2}% 32
\BOOKMARK [2][-]{subsection.3.2.4}{Discussion}{section.3.2}% 33
\BOOKMARK [1][-]{section.3.3}{redm-/ahpa/}{chapter.3}% 34
\BOOKMARK [2][-]{subsection.3.3.1}{Introduction}{section.3.3}% 35
\BOOKMARK [2][-]{subsection.3.3.2}{Methods}{section.3.3}% 36
\BOOKMARK [2][-]{subsection.3.3.3}{Results}{section.3.3}% 37
\BOOKMARK [2][-]{subsection.3.3.4}{Discussion}{section.3.3}% 38
\BOOKMARK [0][-]{chapter.4}{Chapter Four Title}{}% 39
\BOOKMARK [0][-]{chapter.5}{Chapter Five Title}{}% 40
\BOOKMARK [0][-]{chapter.6}{General Discussion}{}% 41
\BOOKMARK [0][-]{appendix.A}{Are words easier to learn from infant- than adult-directed speech? A quantitative corpus-based investigation}{}% 42
